#
# A fatal error has been detected by the Java Runtime Environment:
#
#  SIGSEGV (0xb) at pc=0x00007f0da58170c6, pid=223622, tid=223661
#
# JRE version: OpenJDK Runtime Environment JBR-11.0.13.7-1751.25-jcef (11.0.13+7) (build 11.0.13+7-b1751.25)
# Java VM: OpenJDK 64-Bit Server VM JBR-11.0.13.7-1751.25-jcef (11.0.13+7-b1751.25, mixed mode, tiered, compressed oops, g1 gc, linux-amd64)
# Problematic frame:
# V  [libjvm.so+0x7700c6]  G1ParallelCleaningTask::work(unsigned int)+0x1f6
#
# Core dump will be written. Default location: Core dumps may be processed with "/usr/lib/systemd/systemd-coredump %P %u %g %s %t %c %h" (or dumping to /run/media/mikholskiyivan/595D-89F6/code/java/spring/spring-web-practicing/core.223622)
#
# If you would like to submit a bug report, please visit:
#   https://bugreport.java.com/bugreport/crash.jsp
#

---------------  S U M M A R Y ------------

Command Line: -Djava.rmi.server.hostname=127.0.0.1 -Duser.timezone=UTC -Xmx750m -Xms128m -Dfile.encoding=UTF-8 com.intellij.database.remote.RemoteJdbcServer org.postgresql.Driver

Host: Intel(R) Core(TM) i7-6700 CPU @ 3.40GHz, 8 cores, 7G, Fedora release 35 (Thirty Five)
Time: Mon Mar 14 11:37:30 2022 MSK elapsed time: 3600.884132 seconds (0d 1h 0m 0s)

---------------  T H R E A D  ---------------

Current thread (0x00007f0d6c0cc000):  GCTaskThread "GC Thread#3" [stack: 0x00007f0d753c0000,0x00007f0d754c0000] [id=223661]

Stack: [0x00007f0d753c0000,0x00007f0d754c0000],  sp=0x00007f0d754bec10,  free space=1019k
Native frames: (J=compiled Java code, A=aot compiled Java code, j=interpreted, Vv=VM code, C=native code)
V  [libjvm.so+0x7700c6]  G1ParallelCleaningTask::work(unsigned int)+0x1f6
V  [libjvm.so+0xe9005d]  GangWorker::loop()+0x4d
V  [libjvm.so+0xe01479]  Thread::call_run()+0x149
V  [libjvm.so+0xbc591e]  thread_native_entry(Thread*)+0xee


siginfo: si_signo: 11 (SIGSEGV), si_code: 1 (SEGV_MAPERR), si_addr: 0x0000000000000060

Register to memory mapping:

RAX=0x0 is NULL
RBX=0x0 is NULL
RCX=0x0000000000000007 is an unknown value
RDX=0x00007f0d94e9b000 points into unknown readable memory: 0x0000000000000006 | 06 00 00 00 00 00 00 00
RSP=0x00007f0d754bec10 points into unknown readable memory: 0x00007f0d845adfd8 | d8 df 5a 84 0d 7f 00 00
RBP=0x00007f0d754bed60 points into unknown readable memory: 0x00007f0d754beda0 | a0 ed 4b 75 0d 7f 00 00
RSI=0x00007f0d94ec5080 points into unknown readable memory: 0x0000000000000000 | 00 00 00 00 00 00 00 00
RDI=0x00007f0d94ec5090 points into unknown readable memory: 0x0000000000000000 | 00 00 00 00 00 00 00 00
R8 =0x0000000000000541 is an unknown value
R9 =0x00007f0d754beaf8 points into unknown readable memory: 0x0000000000000003 | 03 00 00 00 00 00 00 00
R10=0x0 is NULL
R11=0x0000000000000246 is an unknown value
R12=0x0000000000000002 is an unknown value
R13=0x0000562f40ad9070 points into unknown readable memory: 0x0000000300000002 | 02 00 00 00 03 00 00 00
R14=0x00007f0da00351b0 points into unknown readable memory: 0x00007f0da63ffb20 | 20 fb 3f a6 0d 7f 00 00
R15=0x00007f0d94ec5090 points into unknown readable memory: 0x0000000000000000 | 00 00 00 00 00 00 00 00


Registers:
RAX=0x0000000000000000, RBX=0x0000000000000000, RCX=0x0000000000000007, RDX=0x00007f0d94e9b000
RSP=0x00007f0d754bec10, RBP=0x00007f0d754bed60, RSI=0x00007f0d94ec5080, RDI=0x00007f0d94ec5090
R8 =0x0000000000000541, R9 =0x00007f0d754beaf8, R10=0x0000000000000000, R11=0x0000000000000246
R12=0x0000000000000002, R13=0x0000562f40ad9070, R14=0x00007f0da00351b0, R15=0x00007f0d94ec5090
RIP=0x00007f0da58170c6, EFLAGS=0x0000000000010206, CSGSFS=0x002b000000000033, ERR=0x0000000000000004
  TRAPNO=0x000000000000000e

Top of Stack: (sp=0x00007f0d754bec10)
0x00007f0d754bec10:   00007f0d845adfd8 00007f0d845adfd0
0x00007f0d754bec20:   0000000000000002 0000000800000001
0x00007f0d754bec30:   00007f0d845adf20 00007f0d00000000
0x00007f0d754bec40:   0000000000000008 00007f0d94ec3010 

Instructions: (pc=0x00007f0da58170c6)
0x00007f0da5816fc6:   48 89 bd e8 fe ff ff 48 85 d2 0f 84 0a 03 00 00
0x00007f0da5816fd6:   48 b9 00 00 00 00 ff ff ff ff 48 21 8d d8 fe ff
0x00007f0da5816fe6:   ff 49 89 d5 48 8b 85 d8 fe ff ff 48 89 95 00 ff
0x00007f0da5816ff6:   ff ff 48 be 00 00 00 00 ff ff ff ff 48 23 b5 c0
0x00007f0da5817006:   fe ff ff 48 89 85 08 ff ff ff 8b 0a 31 c0 48 89
0x00007f0da5817016:   95 28 ff ff ff 48 09 ce 89 85 30 ff ff ff 48 89
0x00007f0da5817026:   b5 c0 fe ff ff 41 89 f4 48 89 95 f0 fe ff ff 48
0x00007f0da5817036:   89 b5 f8 fe ff ff 48 89 95 38 ff ff ff 89 b5 40
0x00007f0da5817046:   ff ff ff 48 85 ff 0f 84 ae 02 00 00 48 8b 72 18
0x00007f0da5817056:   48 8b 14 c6 89 c3 48 89 f9 83 ba 40 01 00 00 04
0x00007f0da5817066:   75 04 48 8b 4f 20 48 39 4a 18 0f 87 52 02 00 00
0x00007f0da5817076:   48 3b 4a 20 0f 83 48 02 00 00 4c 8b b5 e8 fe ff
0x00007f0da5817086:   ff 48 c7 85 e0 fe ff ff 00 00 00 00 4d 89 f7 0f
0x00007f0da5817096:   1f 00 8b 85 e0 fe ff ff 89 85 cc fe ff ff 41 39
0x00007f0da58170a6:   dc 0f 84 7b 01 00 00 49 8b 55 18 48 63 c3 4c 8b
0x00007f0da58170b6:   34 c2 eb 17 66 0f 1f 44 00 00 48 8b 00 4c 89 ff
0x00007f0da58170c6:   ff 50 60 84 c0 0f 85 0c 01 00 00 4c 89 fe 4c 89
0x00007f0da58170d6:   f7 e8 24 eb e8 ff 49 89 c7 48 85 c0 75 dc 0f 1f
0x00007f0da58170e6:   40 00 83 c3 01 44 39 e3 74 60 49 8b 55 18 48 63
0x00007f0da58170f6:   c3 4c 8b 34 c2 48 8d 14 c5 08 00 00 00 49 89 d7
0x00007f0da5817106:   4c 89 f7 e8 92 e9 e8 ff 48 85 c0 0f 84 89 01 00
0x00007f0da5817116:   00 49 89 c7 66 0f 1f 44 00 00 49 8b 07 4c 89 ff
0x00007f0da5817126:   ff 50 60 84 c0 0f 85 ac 00 00 00 4c 89 fe 4c 89
0x00007f0da5817136:   f7 e8 c4 ea e8 ff 49 89 c7 48 85 c0 75 dc 44 39
0x00007f0da5817146:   e3 75 9f 0f 1f 80 00 00 00 00 45 31 f6 48 8b 85
0x00007f0da5817156:   e8 fe ff ff 48 8b 8d b8 fe ff ff f0 4c 0f b1 31
0x00007f0da5817166:   48 39 85 e8 fe ff ff 0f 84 a5 01 00 00 48 8d 05
0x00007f0da5817176:   a6 82 ce 00 48 8b 10 e9 36 fe ff ff 66 0f 1f 44
0x00007f0da5817186:   00 00 4c 89 fe 4c 89 f7 e8 6d ea e8 ff 49 89 c7
0x00007f0da5817196:   48 85 c0 75 35 41 39 dc 74 b0 83 c3 01 41 39 dc
0x00007f0da58171a6:   74 a8 49 8b 55 18 48 63 c3 4c 8b 34 c2 48 8d 14
0x00007f0da58171b6:   c5 08 00 00 00 49 89 d7 4c 89 f7 e8 da e8 e8 ff 


Stack slot to memory mapping:
stack at sp + 0 slots: 0x00007f0d845adfd8 points into unknown readable memory: 0x00007f0d94ebb710 | 10 b7 eb 94 0d 7f 00 00
stack at sp + 1 slots: 0x00007f0d845adfd0 points into unknown readable memory: 0x00007f0d94ec3010 | 10 30 ec 94 0d 7f 00 00
stack at sp + 2 slots: 0x0000000000000002 is an unknown value
stack at sp + 3 slots: 0x0000000800000001 is an unknown value
stack at sp + 4 slots: 0x00007f0d845adf20 points into unknown readable memory: 0x00007f0da63fe398 | 98 e3 3f a6 0d 7f 00 00
stack at sp + 5 slots: 0x00007f0d00000000 points into unknown readable memory: 0x00007f0d00000020 | 20 00 00 00 0d 7f 00 00
stack at sp + 6 slots: 0x0000000000000008 is an unknown value
stack at sp + 7 slots: 0x00007f0d94ec3010 is at entry_point+-400 in (nmethod*)0x00007f0d94ec3010


---------------  P R O C E S S  ---------------

Threads class SMR info:
_java_thread_list=0x00007f0d1812be70, length=16, elements={
0x00007f0da0026800, 0x00007f0da014e000, 0x00007f0da0152000, 0x00007f0da0167800,
0x00007f0da0169800, 0x00007f0da016b800, 0x00007f0da016d800, 0x00007f0da016f800,
0x00007f0da022e800, 0x00007f0da032a800, 0x00007f0da0336000, 0x00007f0da0338000,
0x00007f0da033a800, 0x00007f0d30001800, 0x00007f0d2404f000, 0x00007f0d34003000
}

Java Threads: ( => current thread )
  0x00007f0da0026800 JavaThread "main" [_thread_blocked, id=223623, stack(0x00007f0da4ecb000,0x00007f0da4fcb000)]
  0x00007f0da014e000 JavaThread "Reference Handler" daemon [_thread_blocked, id=223630, stack(0x00007f0d843ae000,0x00007f0d844ae000)]
  0x00007f0da0152000 JavaThread "Finalizer" daemon [_thread_blocked, id=223631, stack(0x00007f0d842ae000,0x00007f0d843ae000)]
  0x00007f0da0167800 JavaThread "Signal Dispatcher" daemon [_thread_blocked, id=223632, stack(0x00007f0d841ae000,0x00007f0d842ae000)]
  0x00007f0da0169800 JavaThread "Service Thread" daemon [_thread_blocked, id=223633, stack(0x00007f0d840ae000,0x00007f0d841ae000)]
  0x00007f0da016b800 JavaThread "C2 CompilerThread0" daemon [_thread_blocked, id=223634, stack(0x00007f0d77700000,0x00007f0d77800000)]
  0x00007f0da016d800 JavaThread "C1 CompilerThread0" daemon [_thread_blocked, id=223635, stack(0x00007f0d77600000,0x00007f0d77700000)]
  0x00007f0da016f800 JavaThread "Sweeper thread" daemon [_thread_blocked, id=223636, stack(0x00007f0d77500000,0x00007f0d77600000)]
  0x00007f0da022e800 JavaThread "Common-Cleaner" daemon [_thread_blocked, id=223641, stack(0x00007f0d772fe000,0x00007f0d773fe000)]
  0x00007f0da032a800 JavaThread "RMI TCP Accept-24492" daemon [_thread_in_native, id=223642, stack(0x00007f0d76bd2000,0x00007f0d76cd2000)]
  0x00007f0da0336000 JavaThread "RMI TCP Accept-0" daemon [_thread_in_native, id=223643, stack(0x00007f0d76ad2000,0x00007f0d76bd2000)]
  0x00007f0da0338000 JavaThread "RMI Reaper" [_thread_blocked, id=223644, stack(0x00007f0d769d2000,0x00007f0d76ad2000)]
  0x00007f0da033a800 JavaThread "RMI GC Daemon" daemon [_thread_blocked, id=223645, stack(0x00007f0d766d0000,0x00007f0d767d0000)]
  0x00007f0d30001800 JavaThread "RMI TCP Connection(1)-127.0.0.1" daemon [_thread_in_native, id=223647, stack(0x00007f0d762d0000,0x00007f0d763d0000)]
  0x00007f0d2404f000 JavaThread "RMI Scheduler(0)" daemon [_thread_blocked, id=223651, stack(0x00007f0d760d0000,0x00007f0d761d0000)]
  0x00007f0d34003000 JavaThread "RMI TCP Connection(3)-127.0.0.1" daemon [_thread_in_native, id=223662, stack(0x00007f0d752be000,0x00007f0d753be000)]

Other Threads:
  0x00007f0da0145800 VMThread "VM Thread" [stack: 0x00007f0d844b0000,0x00007f0d845b0000] [id=223629]
  0x00007f0da021f800 WatcherThread [stack: 0x00007f0d77400000,0x00007f0d77500000] [id=223640]
  0x00007f0da0040800 GCTaskThread "GC Thread#0" [stack: 0x00007f0da4384000,0x00007f0da4484000] [id=223624]
  0x00007f0d6c0c9000 GCTaskThread "GC Thread#1" [stack: 0x00007f0d755c4000,0x00007f0d756c4000] [id=223659]
  0x00007f0d6c0ca800 GCTaskThread "GC Thread#2" [stack: 0x00007f0d754c2000,0x00007f0d755c2000] [id=223660]
=>0x00007f0d6c0cc000 GCTaskThread "GC Thread#3" [stack: 0x00007f0d753c0000,0x00007f0d754c0000] [id=223661]
  0x00007f0da0056800 ConcurrentGCThread "G1 Main Marker" [stack: 0x00007f0d8c969000,0x00007f0d8ca69000] [id=223625]
  0x00007f0da0058800 ConcurrentGCThread "G1 Conc#0" [stack: 0x00007f0d8c867000,0x00007f0d8c967000] [id=223626]
  0x00007f0da00e0000 ConcurrentGCThread "G1 Refine#0" [stack: 0x00007f0d84790000,0x00007f0d84890000] [id=223627]
  0x00007f0da00e2000 ConcurrentGCThread "G1 Young RemSet Sampling" [stack: 0x00007f0d8468e000,0x00007f0d8478e000] [id=223628]

Threads with active compile tasks:

VM state:at safepoint (normal execution)

VM Mutex/Monitor currently owned by a thread:  ([mutex/lock_event])
[0x00007f0da0024ac0] Threads_lock - owner thread: 0x00007f0da0145800
[0x00007f0da00252a0] Heap_lock - owner thread: 0x00007f0da033a800

Heap address: 0x00000000d1200000, size: 750 MB, Compressed Oops mode: 32-bit
Narrow klass base: 0x0000000000000000, Narrow klass shift: 3
Compressed class space size: 1073741824 Address: 0x0000000100000000

Heap:
 garbage-first heap   total 131072K, used 47288K [0x00000000d1200000, 0x0000000100000000)
  region size 1024K, 45 young (46080K), 3 survivors (3072K)
 Metaspace       used 16543K, capacity 17169K, committed 17280K, reserved 1064960K
  class space    used 1620K, capacity 1867K, committed 1920K, reserved 1048576K
Heap Regions: E=young(eden), S=young(survivor), O=old, HS=humongous(starts), HC=humongous(continues), CS=collection set, F=free, A=archive, TAMS=top-at-mark-start (previous, next)
|   0|0x00000000d1200000, 0x00000000d1300000, 0x00000000d1300000|100%| O|  |TAMS 0x00000000d1200000, 0x00000000d1200000| Untracked 
|   1|0x00000000d1300000, 0x00000000d132e000, 0x00000000d1400000| 17%| O|  |TAMS 0x00000000d1300000, 0x00000000d1300000| Untracked 
|   2|0x00000000d1400000, 0x00000000d1400000, 0x00000000d1500000|  0%| F|  |TAMS 0x00000000d1400000, 0x00000000d1400000| Untracked 
|   3|0x00000000d1500000, 0x00000000d1500000, 0x00000000d1600000|  0%| F|  |TAMS 0x00000000d1500000, 0x00000000d1500000| Untracked 
|   4|0x00000000d1600000, 0x00000000d1600000, 0x00000000d1700000|  0%| F|  |TAMS 0x00000000d1600000, 0x00000000d1600000| Untracked 
|   5|0x00000000d1700000, 0x00000000d1700000, 0x00000000d1800000|  0%| F|  |TAMS 0x00000000d1700000, 0x00000000d1700000| Untracked 
|   6|0x00000000d1800000, 0x00000000d1800000, 0x00000000d1900000|  0%| F|  |TAMS 0x00000000d1800000, 0x00000000d1800000| Untracked 
|   7|0x00000000d1900000, 0x00000000d1900000, 0x00000000d1a00000|  0%| F|  |TAMS 0x00000000d1900000, 0x00000000d1900000| Untracked 
|   8|0x00000000d1a00000, 0x00000000d1a00000, 0x00000000d1b00000|  0%| F|  |TAMS 0x00000000d1a00000, 0x00000000d1a00000| Untracked 
|   9|0x00000000d1b00000, 0x00000000d1b00000, 0x00000000d1c00000|  0%| F|  |TAMS 0x00000000d1b00000, 0x00000000d1b00000| Untracked 
|  10|0x00000000d1c00000, 0x00000000d1c00000, 0x00000000d1d00000|  0%| F|  |TAMS 0x00000000d1c00000, 0x00000000d1c00000| Untracked 
|  11|0x00000000d1d00000, 0x00000000d1d00000, 0x00000000d1e00000|  0%| F|  |TAMS 0x00000000d1d00000, 0x00000000d1d00000| Untracked 
|  12|0x00000000d1e00000, 0x00000000d1e00000, 0x00000000d1f00000|  0%| F|  |TAMS 0x00000000d1e00000, 0x00000000d1e00000| Untracked 
|  13|0x00000000d1f00000, 0x00000000d1f00000, 0x00000000d2000000|  0%| F|  |TAMS 0x00000000d1f00000, 0x00000000d1f00000| Untracked 
|  14|0x00000000d2000000, 0x00000000d2000000, 0x00000000d2100000|  0%| F|  |TAMS 0x00000000d2000000, 0x00000000d2000000| Untracked 
|  15|0x00000000d2100000, 0x00000000d2100000, 0x00000000d2200000|  0%| F|  |TAMS 0x00000000d2100000, 0x00000000d2100000| Untracked 
|  16|0x00000000d2200000, 0x00000000d2200000, 0x00000000d2300000|  0%| F|  |TAMS 0x00000000d2200000, 0x00000000d2200000| Untracked 
|  17|0x00000000d2300000, 0x00000000d2300000, 0x00000000d2400000|  0%| F|  |TAMS 0x00000000d2300000, 0x00000000d2300000| Untracked 
|  18|0x00000000d2400000, 0x00000000d2400000, 0x00000000d2500000|  0%| F|  |TAMS 0x00000000d2400000, 0x00000000d2400000| Untracked 
|  19|0x00000000d2500000, 0x00000000d2500000, 0x00000000d2600000|  0%| F|  |TAMS 0x00000000d2500000, 0x00000000d2500000| Untracked 
|  20|0x00000000d2600000, 0x00000000d2600000, 0x00000000d2700000|  0%| F|  |TAMS 0x00000000d2600000, 0x00000000d2600000| Untracked 
|  21|0x00000000d2700000, 0x00000000d2700000, 0x00000000d2800000|  0%| F|  |TAMS 0x00000000d2700000, 0x00000000d2700000| Untracked 
|  22|0x00000000d2800000, 0x00000000d2800000, 0x00000000d2900000|  0%| F|  |TAMS 0x00000000d2800000, 0x00000000d2800000| Untracked 
|  23|0x00000000d2900000, 0x00000000d2900000, 0x00000000d2a00000|  0%| F|  |TAMS 0x00000000d2900000, 0x00000000d2900000| Untracked 
|  24|0x00000000d2a00000, 0x00000000d2a00000, 0x00000000d2b00000|  0%| F|  |TAMS 0x00000000d2a00000, 0x00000000d2a00000| Untracked 
|  25|0x00000000d2b00000, 0x00000000d2b00000, 0x00000000d2c00000|  0%| F|  |TAMS 0x00000000d2b00000, 0x00000000d2b00000| Untracked 
|  26|0x00000000d2c00000, 0x00000000d2c00000, 0x00000000d2d00000|  0%| F|  |TAMS 0x00000000d2c00000, 0x00000000d2c00000| Untracked 
|  27|0x00000000d2d00000, 0x00000000d2d00000, 0x00000000d2e00000|  0%| F|  |TAMS 0x00000000d2d00000, 0x00000000d2d00000| Untracked 
|  28|0x00000000d2e00000, 0x00000000d2e00000, 0x00000000d2f00000|  0%| F|  |TAMS 0x00000000d2e00000, 0x00000000d2e00000| Untracked 
|  29|0x00000000d2f00000, 0x00000000d2f00000, 0x00000000d3000000|  0%| F|  |TAMS 0x00000000d2f00000, 0x00000000d2f00000| Untracked 
|  30|0x00000000d3000000, 0x00000000d3000000, 0x00000000d3100000|  0%| F|  |TAMS 0x00000000d3000000, 0x00000000d3000000| Untracked 
|  31|0x00000000d3100000, 0x00000000d3100000, 0x00000000d3200000|  0%| F|  |TAMS 0x00000000d3100000, 0x00000000d3100000| Untracked 
|  32|0x00000000d3200000, 0x00000000d3200000, 0x00000000d3300000|  0%| F|  |TAMS 0x00000000d3200000, 0x00000000d3200000| Untracked 
|  33|0x00000000d3300000, 0x00000000d3300000, 0x00000000d3400000|  0%| F|  |TAMS 0x00000000d3300000, 0x00000000d3300000| Untracked 
|  34|0x00000000d3400000, 0x00000000d3400000, 0x00000000d3500000|  0%| F|  |TAMS 0x00000000d3400000, 0x00000000d3400000| Untracked 
|  35|0x00000000d3500000, 0x00000000d3500000, 0x00000000d3600000|  0%| F|  |TAMS 0x00000000d3500000, 0x00000000d3500000| Untracked 
|  36|0x00000000d3600000, 0x00000000d3600000, 0x00000000d3700000|  0%| F|  |TAMS 0x00000000d3600000, 0x00000000d3600000| Untracked 
|  37|0x00000000d3700000, 0x00000000d3700000, 0x00000000d3800000|  0%| F|  |TAMS 0x00000000d3700000, 0x00000000d3700000| Untracked 
|  38|0x00000000d3800000, 0x00000000d3800000, 0x00000000d3900000|  0%| F|  |TAMS 0x00000000d3800000, 0x00000000d3800000| Untracked 
|  39|0x00000000d3900000, 0x00000000d3900000, 0x00000000d3a00000|  0%| F|  |TAMS 0x00000000d3900000, 0x00000000d3900000| Untracked 
|  40|0x00000000d3a00000, 0x00000000d3a00000, 0x00000000d3b00000|  0%| F|  |TAMS 0x00000000d3a00000, 0x00000000d3a00000| Untracked 
|  41|0x00000000d3b00000, 0x00000000d3b00000, 0x00000000d3c00000|  0%| F|  |TAMS 0x00000000d3b00000, 0x00000000d3b00000| Untracked 
|  42|0x00000000d3c00000, 0x00000000d3c00000, 0x00000000d3d00000|  0%| F|  |TAMS 0x00000000d3c00000, 0x00000000d3c00000| Untracked 
|  43|0x00000000d3d00000, 0x00000000d3d00000, 0x00000000d3e00000|  0%| F|  |TAMS 0x00000000d3d00000, 0x00000000d3d00000| Untracked 
|  44|0x00000000d3e00000, 0x00000000d3e00000, 0x00000000d3f00000|  0%| F|  |TAMS 0x00000000d3e00000, 0x00000000d3e00000| Untracked 
|  45|0x00000000d3f00000, 0x00000000d3f00000, 0x00000000d4000000|  0%| F|  |TAMS 0x00000000d3f00000, 0x00000000d3f00000| Untracked 
|  46|0x00000000d4000000, 0x00000000d4000000, 0x00000000d4100000|  0%| F|  |TAMS 0x00000000d4000000, 0x00000000d4000000| Untracked 
|  47|0x00000000d4100000, 0x00000000d4100000, 0x00000000d4200000|  0%| F|  |TAMS 0x00000000d4100000, 0x00000000d4100000| Untracked 
|  48|0x00000000d4200000, 0x00000000d4200000, 0x00000000d4300000|  0%| F|  |TAMS 0x00000000d4200000, 0x00000000d4200000| Untracked 
|  49|0x00000000d4300000, 0x00000000d4300000, 0x00000000d4400000|  0%| F|  |TAMS 0x00000000d4300000, 0x00000000d4300000| Untracked 
|  50|0x00000000d4400000, 0x00000000d4400000, 0x00000000d4500000|  0%| F|  |TAMS 0x00000000d4400000, 0x00000000d4400000| Untracked 
|  51|0x00000000d4500000, 0x00000000d4500000, 0x00000000d4600000|  0%| F|  |TAMS 0x00000000d4500000, 0x00000000d4500000| Untracked 
|  52|0x00000000d4600000, 0x00000000d4600000, 0x00000000d4700000|  0%| F|  |TAMS 0x00000000d4600000, 0x00000000d4600000| Untracked 
|  53|0x00000000d4700000, 0x00000000d4700000, 0x00000000d4800000|  0%| F|  |TAMS 0x00000000d4700000, 0x00000000d4700000| Untracked 
|  54|0x00000000d4800000, 0x00000000d4800000, 0x00000000d4900000|  0%| F|  |TAMS 0x00000000d4800000, 0x00000000d4800000| Untracked 
|  55|0x00000000d4900000, 0x00000000d4900000, 0x00000000d4a00000|  0%| F|  |TAMS 0x00000000d4900000, 0x00000000d4900000| Untracked 
|  56|0x00000000d4a00000, 0x00000000d4a00000, 0x00000000d4b00000|  0%| F|  |TAMS 0x00000000d4a00000, 0x00000000d4a00000| Untracked 
|  57|0x00000000d4b00000, 0x00000000d4b00000, 0x00000000d4c00000|  0%| F|  |TAMS 0x00000000d4b00000, 0x00000000d4b00000| Untracked 
|  58|0x00000000d4c00000, 0x00000000d4c00000, 0x00000000d4d00000|  0%| F|  |TAMS 0x00000000d4c00000, 0x00000000d4c00000| Untracked 
|  59|0x00000000d4d00000, 0x00000000d4d00000, 0x00000000d4e00000|  0%| F|  |TAMS 0x00000000d4d00000, 0x00000000d4d00000| Untracked 
|  60|0x00000000d4e00000, 0x00000000d4e00000, 0x00000000d4f00000|  0%| F|  |TAMS 0x00000000d4e00000, 0x00000000d4e00000| Untracked 
|  61|0x00000000d4f00000, 0x00000000d4f00000, 0x00000000d5000000|  0%| F|  |TAMS 0x00000000d4f00000, 0x00000000d4f00000| Untracked 
|  62|0x00000000d5000000, 0x00000000d5000000, 0x00000000d5100000|  0%| F|  |TAMS 0x00000000d5000000, 0x00000000d5000000| Untracked 
|  63|0x00000000d5100000, 0x00000000d5100000, 0x00000000d5200000|  0%| F|  |TAMS 0x00000000d5100000, 0x00000000d5100000| Untracked 
|  64|0x00000000d5200000, 0x00000000d5200000, 0x00000000d5300000|  0%| F|  |TAMS 0x00000000d5200000, 0x00000000d5200000| Untracked 
|  65|0x00000000d5300000, 0x00000000d5300000, 0x00000000d5400000|  0%| F|  |TAMS 0x00000000d5300000, 0x00000000d5300000| Untracked 
|  66|0x00000000d5400000, 0x00000000d5400000, 0x00000000d5500000|  0%| F|  |TAMS 0x00000000d5400000, 0x00000000d5400000| Untracked 
|  67|0x00000000d5500000, 0x00000000d5500000, 0x00000000d5600000|  0%| F|  |TAMS 0x00000000d5500000, 0x00000000d5500000| Untracked 
|  68|0x00000000d5600000, 0x00000000d5600000, 0x00000000d5700000|  0%| F|  |TAMS 0x00000000d5600000, 0x00000000d5600000| Untracked 
|  69|0x00000000d5700000, 0x00000000d5700000, 0x00000000d5800000|  0%| F|  |TAMS 0x00000000d5700000, 0x00000000d5700000| Untracked 
|  70|0x00000000d5800000, 0x00000000d5800000, 0x00000000d5900000|  0%| F|  |TAMS 0x00000000d5800000, 0x00000000d5800000| Untracked 
|  71|0x00000000d5900000, 0x00000000d5900000, 0x00000000d5a00000|  0%| F|  |TAMS 0x00000000d5900000, 0x00000000d5900000| Untracked 
|  72|0x00000000d5a00000, 0x00000000d5a00000, 0x00000000d5b00000|  0%| F|  |TAMS 0x00000000d5a00000, 0x00000000d5a00000| Untracked 
|  73|0x00000000d5b00000, 0x00000000d5b00000, 0x00000000d5c00000|  0%| F|  |TAMS 0x00000000d5b00000, 0x00000000d5b00000| Untracked 
|  74|0x00000000d5c00000, 0x00000000d5c00000, 0x00000000d5d00000|  0%| F|  |TAMS 0x00000000d5c00000, 0x00000000d5c00000| Untracked 
|  75|0x00000000d5d00000, 0x00000000d5d00000, 0x00000000d5e00000|  0%| F|  |TAMS 0x00000000d5d00000, 0x00000000d5d00000| Untracked 
|  76|0x00000000d5e00000, 0x00000000d5e00000, 0x00000000d5f00000|  0%| F|  |TAMS 0x00000000d5e00000, 0x00000000d5e00000| Untracked 
|  77|0x00000000d5f00000, 0x00000000d5f00000, 0x00000000d6000000|  0%| F|  |TAMS 0x00000000d5f00000, 0x00000000d5f00000| Untracked 
|  78|0x00000000d6000000, 0x00000000d6000000, 0x00000000d6100000|  0%| F|  |TAMS 0x00000000d6000000, 0x00000000d6000000| Untracked 
|  79|0x00000000d6100000, 0x00000000d6100000, 0x00000000d6200000|  0%| F|  |TAMS 0x00000000d6100000, 0x00000000d6100000| Untracked 
|  80|0x00000000d6200000, 0x00000000d6200000, 0x00000000d6300000|  0%| F|  |TAMS 0x00000000d6200000, 0x00000000d6200000| Untracked 
|  81|0x00000000d6300000, 0x00000000d6300000, 0x00000000d6400000|  0%| F|  |TAMS 0x00000000d6300000, 0x00000000d6300000| Untracked 
|  82|0x00000000d6400000, 0x00000000d6400000, 0x00000000d6500000|  0%| F|  |TAMS 0x00000000d6400000, 0x00000000d6400000| Untracked 
|  83|0x00000000d6500000, 0x00000000d6600000, 0x00000000d6600000|100%| E|  |TAMS 0x00000000d6500000, 0x00000000d6500000| Complete 
|  84|0x00000000d6600000, 0x00000000d6700000, 0x00000000d6700000|100%| E|  |TAMS 0x00000000d6600000, 0x00000000d6600000| Complete 
|  85|0x00000000d6700000, 0x00000000d6800000, 0x00000000d6800000|100%| E|  |TAMS 0x00000000d6700000, 0x00000000d6700000| Complete 
|  86|0x00000000d6800000, 0x00000000d6900000, 0x00000000d6900000|100%| E|  |TAMS 0x00000000d6800000, 0x00000000d6800000| Complete 
|  87|0x00000000d6900000, 0x00000000d6a00000, 0x00000000d6a00000|100%| E|  |TAMS 0x00000000d6900000, 0x00000000d6900000| Complete 
|  88|0x00000000d6a00000, 0x00000000d6b00000, 0x00000000d6b00000|100%| E|  |TAMS 0x00000000d6a00000, 0x00000000d6a00000| Complete 
|  89|0x00000000d6b00000, 0x00000000d6c00000, 0x00000000d6c00000|100%| E|  |TAMS 0x00000000d6b00000, 0x00000000d6b00000| Complete 
|  90|0x00000000d6c00000, 0x00000000d6d00000, 0x00000000d6d00000|100%| E|  |TAMS 0x00000000d6c00000, 0x00000000d6c00000| Complete 
|  91|0x00000000d6d00000, 0x00000000d6e00000, 0x00000000d6e00000|100%| E|  |TAMS 0x00000000d6d00000, 0x00000000d6d00000| Complete 
|  92|0x00000000d6e00000, 0x00000000d6f00000, 0x00000000d6f00000|100%| E|  |TAMS 0x00000000d6e00000, 0x00000000d6e00000| Complete 
|  93|0x00000000d6f00000, 0x00000000d7000000, 0x00000000d7000000|100%| E|  |TAMS 0x00000000d6f00000, 0x00000000d6f00000| Complete 
|  94|0x00000000d7000000, 0x00000000d7100000, 0x00000000d7100000|100%| E|  |TAMS 0x00000000d7000000, 0x00000000d7000000| Complete 
|  95|0x00000000d7100000, 0x00000000d7200000, 0x00000000d7200000|100%| E|  |TAMS 0x00000000d7100000, 0x00000000d7100000| Complete 
|  96|0x00000000d7200000, 0x00000000d7300000, 0x00000000d7300000|100%| E|  |TAMS 0x00000000d7200000, 0x00000000d7200000| Complete 
|  97|0x00000000d7300000, 0x00000000d7400000, 0x00000000d7400000|100%| E|  |TAMS 0x00000000d7300000, 0x00000000d7300000| Complete 
|  98|0x00000000d7400000, 0x00000000d7500000, 0x00000000d7500000|100%| E|  |TAMS 0x00000000d7400000, 0x00000000d7400000| Complete 
|  99|0x00000000d7500000, 0x00000000d7600000, 0x00000000d7600000|100%| E|  |TAMS 0x00000000d7500000, 0x00000000d7500000| Complete 
| 100|0x00000000d7600000, 0x00000000d7700000, 0x00000000d7700000|100%| E|  |TAMS 0x00000000d7600000, 0x00000000d7600000| Complete 
| 101|0x00000000d7700000, 0x00000000d7800000, 0x00000000d7800000|100%| S|  |TAMS 0x00000000d7700000, 0x00000000d7700000| Complete 
| 102|0x00000000d7800000, 0x00000000d7900000, 0x00000000d7900000|100%| S|  |TAMS 0x00000000d7800000, 0x00000000d7800000| Complete 
| 103|0x00000000d7900000, 0x00000000d7a00000, 0x00000000d7a00000|100%| S|  |TAMS 0x00000000d7900000, 0x00000000d7900000| Complete 
| 104|0x00000000d7a00000, 0x00000000d7b00000, 0x00000000d7b00000|100%| E|  |TAMS 0x00000000d7a00000, 0x00000000d7a00000| Complete 
| 105|0x00000000d7b00000, 0x00000000d7c00000, 0x00000000d7c00000|100%| E|  |TAMS 0x00000000d7b00000, 0x00000000d7b00000| Complete 
| 106|0x00000000d7c00000, 0x00000000d7d00000, 0x00000000d7d00000|100%| E|  |TAMS 0x00000000d7c00000, 0x00000000d7c00000| Complete 
| 107|0x00000000d7d00000, 0x00000000d7e00000, 0x00000000d7e00000|100%| E|  |TAMS 0x00000000d7d00000, 0x00000000d7d00000| Complete 
| 108|0x00000000d7e00000, 0x00000000d7f00000, 0x00000000d7f00000|100%| E|  |TAMS 0x00000000d7e00000, 0x00000000d7e00000| Complete 
| 109|0x00000000d7f00000, 0x00000000d8000000, 0x00000000d8000000|100%| E|  |TAMS 0x00000000d7f00000, 0x00000000d7f00000| Complete 
| 110|0x00000000d8000000, 0x00000000d8100000, 0x00000000d8100000|100%| E|  |TAMS 0x00000000d8000000, 0x00000000d8000000| Complete 
| 111|0x00000000d8100000, 0x00000000d8200000, 0x00000000d8200000|100%| E|  |TAMS 0x00000000d8100000, 0x00000000d8100000| Complete 
| 112|0x00000000d8200000, 0x00000000d8300000, 0x00000000d8300000|100%| E|  |TAMS 0x00000000d8200000, 0x00000000d8200000| Complete 
| 113|0x00000000d8300000, 0x00000000d8400000, 0x00000000d8400000|100%| E|  |TAMS 0x00000000d8300000, 0x00000000d8300000| Complete 
| 114|0x00000000d8400000, 0x00000000d8500000, 0x00000000d8500000|100%| E|  |TAMS 0x00000000d8400000, 0x00000000d8400000| Complete 
| 115|0x00000000d8500000, 0x00000000d8600000, 0x00000000d8600000|100%| E|  |TAMS 0x00000000d8500000, 0x00000000d8500000| Complete 
| 116|0x00000000d8600000, 0x00000000d8700000, 0x00000000d8700000|100%| E|  |TAMS 0x00000000d8600000, 0x00000000d8600000| Complete 
| 117|0x00000000d8700000, 0x00000000d8800000, 0x00000000d8800000|100%| E|  |TAMS 0x00000000d8700000, 0x00000000d8700000| Complete 
| 118|0x00000000d8800000, 0x00000000d8900000, 0x00000000d8900000|100%| E|  |TAMS 0x00000000d8800000, 0x00000000d8800000| Complete 
| 119|0x00000000d8900000, 0x00000000d8a00000, 0x00000000d8a00000|100%| E|  |TAMS 0x00000000d8900000, 0x00000000d8900000| Complete 
| 120|0x00000000d8a00000, 0x00000000d8b00000, 0x00000000d8b00000|100%| E|  |TAMS 0x00000000d8a00000, 0x00000000d8a00000| Complete 
| 121|0x00000000d8b00000, 0x00000000d8c00000, 0x00000000d8c00000|100%| E|  |TAMS 0x00000000d8b00000, 0x00000000d8b00000| Complete 
| 122|0x00000000d8c00000, 0x00000000d8d00000, 0x00000000d8d00000|100%| E|  |TAMS 0x00000000d8c00000, 0x00000000d8c00000| Complete 
| 123|0x00000000d8d00000, 0x00000000d8e00000, 0x00000000d8e00000|100%| E|  |TAMS 0x00000000d8d00000, 0x00000000d8d00000| Complete 
| 124|0x00000000d8e00000, 0x00000000d8f00000, 0x00000000d8f00000|100%| E|  |TAMS 0x00000000d8e00000, 0x00000000d8e00000| Complete 
| 125|0x00000000d8f00000, 0x00000000d9000000, 0x00000000d9000000|100%| E|  |TAMS 0x00000000d8f00000, 0x00000000d8f00000| Complete 
| 126|0x00000000d9000000, 0x00000000d9100000, 0x00000000d9100000|100%| E|  |TAMS 0x00000000d9000000, 0x00000000d9000000| Complete 
| 127|0x00000000d9100000, 0x00000000d9200000, 0x00000000d9200000|100%| E|  |TAMS 0x00000000d9100000, 0x00000000d9100000| Complete 

Card table byte_map: [0x00007f0d8cbe0000,0x00007f0d8cd57000] _byte_map_base: 0x00007f0d8c557000

Marking Bits (Prev, Next): (CMBitMap*) 0x00007f0da0052cd8, (CMBitMap*) 0x00007f0da0052d10
 Prev Bits: [0x00007f0d87448000, 0x00007f0d88000000)
 Next Bits: [0x00007f0d86890000, 0x00007f0d87448000)

Polling page: 0x00007f0da6997000

Metaspace:

Usage:
  Non-class:     14.94 MB capacity,    14.57 MB ( 98%) used,   321.41 KB (  2%) free+waste,    57.69 KB ( <1%) overhead. 
      Class:      1.82 MB capacity,     1.58 MB ( 87%) used,   218.67 KB ( 12%) free+waste,    28.06 KB (  2%) overhead. 
       Both:     16.77 MB capacity,    16.16 MB ( 96%) used,   540.08 KB (  3%) free+waste,    85.75 KB ( <1%) overhead. 

Virtual space:
  Non-class space:       16.00 MB reserved,      15.00 MB ( 94%) committed 
      Class space:        1.00 GB reserved,       1.88 MB ( <1%) committed 
             Both:        1.02 GB reserved,      16.88 MB (  2%) committed 

Chunk freelists:
   Non-Class:  42.00 KB
       Class:  0 bytes
        Both:  42.00 KB

MaxMetaspaceSize: unlimited
CompressedClassSpaceSize: 1.00 GB
Initial GC threshold: 20.80 MB
Current GC threshold: 20.80 MB
CDS: off

CodeHeap 'non-profiled nmethods': size=120032Kb used=1129Kb max_used=1129Kb free=118902Kb
 bounds [0x00007f0d94e9b000, 0x00007f0d9510b000, 0x00007f0d9c3d3000]
CodeHeap 'profiled nmethods': size=120028Kb used=4081Kb max_used=4081Kb free=115947Kb
 bounds [0x00007f0d8d964000, 0x00007f0d8dd64000, 0x00007f0d94e9b000]
CodeHeap 'non-nmethods': size=5700Kb used=1198Kb max_used=1265Kb free=4501Kb
 bounds [0x00007f0d8d3d3000, 0x00007f0d8d643000, 0x00007f0d8d964000]
 total_blobs=2528 nmethods=2054 adapters=388
 compilation: enabled
              stopped_count=0, restarted_count=0
 full_count=0

Compilation events (20 events):
Event: 3373.510 Thread 0x00007f0da016b800 2046       4       java.rmi.dgc.VMID::equals (118 bytes)
Event: 3373.514 Thread 0x00007f0da016b800 nmethod 2046 0x00007f0d94fa6d90 code [0x00007f0d94fa6f40, 0x00007f0d94fa7278]
Event: 3430.239 Thread 0x00007f0da016b800 2047   !   4       java.io.ObjectInputStream::readSerialData (563 bytes)
Event: 3430.330 Thread 0x00007f0da016b800 nmethod 2047 0x00007f0d94fa7510 code [0x00007f0d94fa7880, 0x00007f0d94fab130]
Event: 3448.241 Thread 0x00007f0da016d800 2048   !   3       sun.rmi.registry.RegistryImpl::lookup (43 bytes)
Event: 3448.242 Thread 0x00007f0da016d800 nmethod 2048 0x00007f0d8dd5de10 code [0x00007f0d8dd5e000, 0x00007f0d8dd5e570]
Event: 3502.252 Thread 0x00007f0da016b800 2049       4       java.io.ObjectStreamClass$FieldReflector::setObjFieldValues (259 bytes)
Event: 3502.260 Thread 0x00007f0da016b800 nmethod 2049 0x00007f0d94fadf10 code [0x00007f0d94fae0c0, 0x00007f0d94fae898]
Event: 3520.254 Thread 0x00007f0da016d800 2050       3       java.io.ObjectStreamClass::hasReadObjectMethod (17 bytes)
Event: 3520.255 Thread 0x00007f0da016d800 nmethod 2050 0x00007f0d8dd5e810 code [0x00007f0d8dd5e9e0, 0x00007f0d8dd5ec60]
Event: 3543.098 Thread 0x00007f0da016d800 2051       3       java.io.ObjectStreamClass::hasWriteObjectData (9 bytes)
Event: 3543.098 Thread 0x00007f0da016d800 nmethod 2051 0x00007f0d8dd5ed90 code [0x00007f0d8dd5ef60, 0x00007f0d8dd5f180]
Event: 3543.098 Thread 0x00007f0da016d800 2052       3       java.io.ObjectInputStream::defaultCheckFieldValues (19 bytes)
Event: 3543.099 Thread 0x00007f0da016d800 nmethod 2052 0x00007f0d8dd5f290 code [0x00007f0d8dd5f460, 0x00007f0d8dd5f6a0]
Event: 3552.100 Thread 0x00007f0da016d800 2053       3       java.io.ObjectInputStream::readBoolean (8 bytes)
Event: 3552.100 Thread 0x00007f0da016d800 nmethod 2053 0x00007f0d8dd5f810 code [0x00007f0d8dd5fa00, 0x00007f0d8dd5fd10]
Event: 3552.100 Thread 0x00007f0da016d800 2054       3       java.io.ObjectInputStream$BlockDataInputStream::readBoolean (27 bytes)
Event: 3552.101 Thread 0x00007f0da016d800 nmethod 2054 0x00007f0d8dd5fe90 code [0x00007f0d8dd60060, 0x00007f0d8dd602f0]
Event: 3565.263 Thread 0x00007f0da016b800 2055   !   4       java.io.ObjectInputStream::readSerialData (563 bytes)
Event: 3565.378 Thread 0x00007f0da016b800 nmethod 2055 0x00007f0d94faed10 code [0x00007f0d94faf080, 0x00007f0d94fb2a30]

GC Heap History (3 events):
Event: 0.843 GC heap before
{Heap before GC invocations=0 (full 0):
 garbage-first heap   total 131072K, used 23552K [0x00000000d1200000, 0x0000000100000000)
  region size 1024K, 24 young (24576K), 0 survivors (0K)
 Metaspace       used 15681K, capacity 16258K, committed 16512K, reserved 1064960K
  class space    used 1591K, capacity 1828K, committed 1920K, reserved 1048576K
}
Event: 0.848 GC heap after
{Heap after GC invocations=1 (full 0):
 garbage-first heap   total 131072K, used 4280K [0x00000000d1200000, 0x0000000100000000)
  region size 1024K, 3 young (3072K), 3 survivors (3072K)
 Metaspace       used 15681K, capacity 16258K, committed 16512K, reserved 1064960K
  class space    used 1591K, capacity 1828K, committed 1920K, reserved 1048576K
}
Event: 3600.851 GC heap before
{Heap before GC invocations=1 (full 0):
 garbage-first heap   total 131072K, used 46264K [0x00000000d1200000, 0x0000000100000000)
  region size 1024K, 45 young (46080K), 3 survivors (3072K)
 Metaspace       used 16543K, capacity 17169K, committed 17280K, reserved 1064960K
  class space    used 1620K, capacity 1867K, committed 1920K, reserved 1048576K
}

Deoptimization events (20 events):
Event: 0.876 Thread 0x00007f0d34001800 DEOPT PACKING pc=0x00007f0d94f15264 sp=0x00007f0d762caaf0
Event: 0.876 Thread 0x00007f0d34001800 DEOPT UNPACKING pc=0x00007f0d8d41cea5 sp=0x00007f0d762caaa8 mode 2
Event: 0.877 Thread 0x00007f0d34001800 Uncommon trap: trap_request=0xffffffbe fr.pc=0x00007f0d94f15264 relative=0x0000000000000604
Event: 0.877 Thread 0x00007f0d34001800 Uncommon trap: reason=profile_predicate action=maybe_recompile pc=0x00007f0d94f15264 method=java.lang.PublicMethods$MethodList.filter([Ljava/lang/reflect/Method;Ljava/lang/String;[Ljava/lang/Class;Z)Ljava/lang/PublicMethods$MethodList; @ 21 c2
Event: 0.877 Thread 0x00007f0d34001800 DEOPT PACKING pc=0x00007f0d94f15264 sp=0x00007f0d762c8bf0
Event: 0.877 Thread 0x00007f0d34001800 DEOPT UNPACKING pc=0x00007f0d8d41cea5 sp=0x00007f0d762c8ba8 mode 2
Event: 0.877 Thread 0x00007f0d34001800 Uncommon trap: trap_request=0xffffffbe fr.pc=0x00007f0d94f15264 relative=0x0000000000000604
Event: 0.877 Thread 0x00007f0d34001800 Uncommon trap: reason=profile_predicate action=maybe_recompile pc=0x00007f0d94f15264 method=java.lang.PublicMethods$MethodList.filter([Ljava/lang/reflect/Method;Ljava/lang/String;[Ljava/lang/Class;Z)Ljava/lang/PublicMethods$MethodList; @ 21 c2
Event: 0.877 Thread 0x00007f0d34001800 DEOPT PACKING pc=0x00007f0d94f15264 sp=0x00007f0d762c8bf0
Event: 0.877 Thread 0x00007f0d34001800 DEOPT UNPACKING pc=0x00007f0d8d41cea5 sp=0x00007f0d762c8ba8 mode 2
Event: 1.670 Thread 0x00007f0d34003000 Uncommon trap: trap_request=0xfffffff4 fr.pc=0x00007f0d94f41ee4 relative=0x0000000000001d24
Event: 1.670 Thread 0x00007f0d34003000 Uncommon trap: reason=null_check action=make_not_entrant pc=0x00007f0d94f41ee4 method=java.io.ObjectStreamClass.<init>(Ljava/lang/Class;)V @ 34 c2
Event: 1.670 Thread 0x00007f0d34003000 DEOPT PACKING pc=0x00007f0d94f41ee4 sp=0x00007f0d753b7cd0
Event: 1.670 Thread 0x00007f0d34003000 DEOPT UNPACKING pc=0x00007f0d8d41cea5 sp=0x00007f0d753b7c00 mode 2
Event: 480.914 Thread 0x00007f0d34003000 DEOPT PACKING pc=0x00007f0d8dbf969b sp=0x00007f0d753b8f10
Event: 480.914 Thread 0x00007f0d34003000 DEOPT UNPACKING pc=0x00007f0d8d41d64a sp=0x00007f0d753b8348 mode 0
Event: 3432.994 Thread 0x00007f0d34003000 Uncommon trap: trap_request=0xffffffcc fr.pc=0x00007f0d94faa3fc relative=0x0000000000002b7c
Event: 3432.994 Thread 0x00007f0d34003000 Uncommon trap: reason=intrinsic_or_type_checked_inlining action=make_not_entrant pc=0x00007f0d94faa3fc method=java.util.ArrayList.toArray([Ljava/lang/Object;)[Ljava/lang/Object; @ 36 c2
Event: 3432.994 Thread 0x00007f0d34003000 DEOPT PACKING pc=0x00007f0d94faa3fc sp=0x00007f0d753b8e30
Event: 3432.994 Thread 0x00007f0d34003000 DEOPT UNPACKING pc=0x00007f0d8d41cea5 sp=0x00007f0d753b8c90 mode 2

Classes redefined (0 events):
No events

Internal exceptions (20 events):
Event: 0.349 Thread 0x00007f0da0026800 Exception <a 'java/lang/NoSuchMethodError'{0x00000000d8adf288}: 'java.lang.Object java.lang.invoke.DirectMethodHandle$Holder.invokeSpecial(java.lang.Object, java.lang.Object, int, int, java.lang.Object, int, java.lang.Object, java.lang.Object)'> (0x00000000d8adf288) thrown at [src/hotspot/share/interpreter/linkResolver.cpp, line 773]
Event: 0.349 Thread 0x00007f0da0026800 Exception <a 'java/lang/NoSuchMethodError'{0x00000000d8ae28c8}: 'java.lang.Object java.lang.invoke.DelegatingMethodHandle$Holder.reinvoke_L(java.lang.Object, int, int, java.lang.Object, int, java.lang.Object, java.lang.Object)'> (0x00000000d8ae28c8) thrown at [src/hotspot/share/interpreter/linkResolver.cpp, line 773]
Event: 0.351 Thread 0x00007f0da0026800 Exception <a 'java/lang/NoSuchMethodError'{0x00000000d890d238}: 'java.lang.Object java.lang.invoke.DirectMethodHandle$Holder.invokeStatic(java.lang.Object, java.lang.Object, java.lang.Object, java.lang.Object, java.lang.Object, java.lang.Object, java.lang.Object, java.lang.Object, int)'> (0x00000000d890d238) thrown at [src/hotspot/share/interpreter/linkResolver.cpp, line 773]
Event: 0.352 Thread 0x00007f0da0026800 Exception <a 'java/lang/NoSuchMethodError'{0x00000000d8927770}: 'java.lang.Object java.lang.invoke.DirectMethodHandle$Holder.invokeStatic(java.lang.Object, java.lang.Object, java.lang.Object, java.lang.Object, java.lang.Object, java.lang.Object, java.lang.Object, java.lang.Object, int, int)'> (0x00000000d8927770) thrown at [src/hotspot/share/interpreter/linkResolver.cpp, line 773]
Event: 0.353 Thread 0x00007f0da0026800 Exception <a 'java/lang/NoSuchMethodError'{0x00000000d8942cc8}: 'java.lang.Object java.lang.invoke.DirectMethodHandle$Holder.invokeStatic(java.lang.Object, java.lang.Object, java.lang.Object, java.lang.Object, java.lang.Object, java.lang.Object, java.lang.Object, java.lang.Object, int, int, java.lang.Object)'> (0x00000000d8942cc8) thrown at [src/hotspot/share/interpreter/linkResolver.cpp, line 773]
Event: 0.354 Thread 0x00007f0da0026800 Exception <a 'java/lang/NoSuchMethodError'{0x00000000d895f518}: 'java.lang.Object java.lang.invoke.DirectMethodHandle$Holder.invokeStatic(java.lang.Object, java.lang.Object, java.lang.Object, java.lang.Object, java.lang.Object, java.lang.Object, java.lang.Object, java.lang.Object, int, int, java.lang.Object, java.lang.Object)'> (0x00000000d895f518) thrown at [src/hotspot/share/interpreter/linkResolver.cpp, line 773]
Event: 0.359 Thread 0x00007f0da0026800 Exception <a 'java/lang/NoSuchMethodError'{0x00000000d89e36c8}: 'java.lang.Object java.lang.invoke.DirectMethodHandle$Holder.invokeStatic(java.lang.Object, java.lang.Object, java.lang.Object, java.lang.Object, int)'> (0x00000000d89e36c8) thrown at [src/hotspot/share/interpreter/linkResolver.cpp, line 773]
Event: 0.367 Thread 0x00007f0da0026800 Exception <a 'java/lang/NoSuchMethodError'{0x00000000d88a88d0}: 'java.lang.Object java.lang.invoke.DelegatingMethodHandle$Holder.reinvoke_L(java.lang.Object, java.lang.Object, long)'> (0x00000000d88a88d0) thrown at [src/hotspot/share/interpreter/linkResolver.cpp, line 773]
Event: 0.367 Thread 0x00007f0da0026800 Exception <a 'java/lang/NoSuchMethodError'{0x00000000d88abac0}: 'java.lang.Object java.lang.invoke.Invokers$Holder.linkToTargetMethod(java.lang.Object, long, java.lang.Object)'> (0x00000000d88abac0) thrown at [src/hotspot/share/interpreter/linkResolver.cpp, line 773]
Event: 0.385 Thread 0x00007f0d30001800 Exception <a 'java/lang/NoSuchMethodError'{0x00000000d87492d8}: 'java.lang.Object java.lang.invoke.DelegatingMethodHandle$Holder.reinvoke_L(java.lang.Object, int, java.lang.Object)'> (0x00000000d87492d8) thrown at [src/hotspot/share/interpreter/linkResolver.cpp, line 773]
Event: 0.415 Thread 0x00007f0d34001800 Exception <a 'java/lang/NoSuchMethodError'{0x00000000d861e3a0}: <clinit>> (0x00000000d861e3a0) thrown at [src/hotspot/share/prims/jni.cpp, line 1366]
Event: 0.501 Thread 0x00007f0d34001800 Exception <a 'java/lang/NoSuchMethodError'{0x00000000d83c00d0}: 'java.lang.Object java.lang.invoke.DirectMethodHandle$Holder.invokeStaticInit(java.lang.Object, java.lang.Object, java.lang.Object)'> (0x00000000d83c00d0) thrown at [src/hotspot/share/interpreter/linkResolver.cpp, line 773]
Event: 0.655 Thread 0x00007f0d34001800 Exception <a 'java/lang/NoSuchMethodError'{0x00000000d7b7f2c8}: <clinit>> (0x00000000d7b7f2c8) thrown at [src/hotspot/share/prims/jni.cpp, line 1366]
Event: 0.817 Thread 0x00007f0d34001800 Exception <a 'java/lang/NoSuchMethodError'{0x00000000d7a9f740}: <clinit>> (0x00000000d7a9f740) thrown at [src/hotspot/share/prims/jni.cpp, line 1366]
Event: 0.817 Thread 0x00007f0d34001800 Exception <a 'java/lang/NoSuchMethodError'{0x00000000d7aabfd8}: <clinit>> (0x00000000d7aabfd8) thrown at [src/hotspot/share/prims/jni.cpp, line 1366]
Event: 0.874 Thread 0x00007f0d34001800 Exception <a 'java/lang/NoSuchMethodError'{0x00000000d91c22e8}: <clinit>> (0x00000000d91c22e8) thrown at [src/hotspot/share/prims/jni.cpp, line 1366]
Event: 0.874 Thread 0x00007f0d34001800 Exception <a 'java/lang/NoSuchMethodError'{0x00000000d91cd418}: <clinit>> (0x00000000d91cd418) thrown at [src/hotspot/share/prims/jni.cpp, line 1366]
Event: 0.875 Thread 0x00007f0d34001800 Exception <a 'java/lang/NoSuchMethodError'{0x00000000d91db748}: <clinit>> (0x00000000d91db748) thrown at [src/hotspot/share/prims/jni.cpp, line 1366]
Event: 1.293 Thread 0x00007f0d34003000 Exception <a 'java/lang/NoSuchMethodError'{0x00000000d8b20958}: <clinit>> (0x00000000d8b20958) thrown at [src/hotspot/share/prims/jni.cpp, line 1366]
Event: 1.670 Thread 0x00007f0d34003000 Implicit null exception at 0x00007f0d94f40bfb to 0x00007f0d94f41ec4

Events (20 events):
Event: 2.298 Protecting memory [0x00007f0d751be000,0x00007f0d751c2000] with protection modes 0
Event: 2.299 Thread 0x00007f0d1812b000 Thread exited: 0x00007f0d1812b000
Event: 2.299 Thread 0x00007f0d18133800 Thread exited: 0x00007f0d18133800
Event: 2.299 Thread 0x00007f0d18134800 Thread exited: 0x00007f0d18134800
Event: 2.301 Executing VM operation: RevokeBias
Event: 2.301 Executing VM operation: RevokeBias done
Event: 2.301 Executing VM operation: RevokeBias
Event: 2.301 Executing VM operation: RevokeBias done
Event: 2.301 Executing VM operation: RevokeBias
Event: 2.301 Executing VM operation: RevokeBias done
Event: 7.394 Thread 0x00007f0d40350000 Thread exited: 0x00007f0d40350000
Event: 30.416 loading class sun/net/ResourceManager
Event: 30.416 loading class sun/net/ResourceManager done
Event: 77.973 Executing VM operation: RevokeBias
Event: 77.973 Executing VM operation: RevokeBias done
Event: 77.973 Thread 0x00007f0d0c047800 Thread added: 0x00007f0d0c047800
Event: 77.973 Protecting memory [0x00007f0d763d0000,0x00007f0d763d4000] with protection modes 0
Event: 77.973 Thread 0x00007f0d0c047800 Thread exited: 0x00007f0d0c047800
Event: 90.417 Thread 0x00007f0d34001800 Thread exited: 0x00007f0d34001800
Event: 3600.850 Executing VM operation: G1CollectFull


Dynamic libraries:
d1200000-d9200000 rw-p 00000000 00:00 0 
d9200000-100000000 ---p 00000000 00:00 0 
100000000-1001e0000 rw-p 00000000 00:00 0 
1001e0000-140000000 ---p 00000000 00:00 0 
562f40400000-562f40401000 r-xp 00000000 00:20 20512                      /home/mikholskiyivan/.local/share/JetBrains/Toolbox/apps/IDEA-U/ch-0/213.6777.52/jbr/bin/java
562f40601000-562f40602000 r--p 00001000 00:20 20512                      /home/mikholskiyivan/.local/share/JetBrains/Toolbox/apps/IDEA-U/ch-0/213.6777.52/jbr/bin/java
562f40602000-562f40603000 rw-p 00002000 00:20 20512                      /home/mikholskiyivan/.local/share/JetBrains/Toolbox/apps/IDEA-U/ch-0/213.6777.52/jbr/bin/java
562f40ad7000-562f40af8000 rw-p 00000000 00:00 0                          [heap]
7f0ca8000000-7f0ca8021000 rw-p 00000000 00:00 0 
7f0ca8021000-7f0cac000000 ---p 00000000 00:00 0 
7f0cac000000-7f0cac021000 rw-p 00000000 00:00 0 
7f0cac021000-7f0cb0000000 ---p 00000000 00:00 0 
7f0cb0000000-7f0cb0021000 rw-p 00000000 00:00 0 
7f0cb0021000-7f0cb4000000 ---p 00000000 00:00 0 
7f0cb4000000-7f0cb4021000 rw-p 00000000 00:00 0 
7f0cb4021000-7f0cb8000000 ---p 00000000 00:00 0 
7f0cb8000000-7f0cb8021000 rw-p 00000000 00:00 0 
7f0cb8021000-7f0cbc000000 ---p 00000000 00:00 0 
7f0cbc000000-7f0cbc021000 rw-p 00000000 00:00 0 
7f0cbc021000-7f0cc0000000 ---p 00000000 00:00 0 
7f0cc0000000-7f0cc0021000 rw-p 00000000 00:00 0 
7f0cc0021000-7f0cc4000000 ---p 00000000 00:00 0 
7f0cc4000000-7f0cc4021000 rw-p 00000000 00:00 0 
7f0cc4021000-7f0cc8000000 ---p 00000000 00:00 0 
7f0cc8000000-7f0cc8021000 rw-p 00000000 00:00 0 
7f0cc8021000-7f0ccc000000 ---p 00000000 00:00 0 
7f0ccc000000-7f0ccc021000 rw-p 00000000 00:00 0 
7f0ccc021000-7f0cd0000000 ---p 00000000 00:00 0 
7f0cd0000000-7f0cd0021000 rw-p 00000000 00:00 0 
7f0cd0021000-7f0cd4000000 ---p 00000000 00:00 0 
7f0cd4000000-7f0cd4021000 rw-p 00000000 00:00 0 
7f0cd4021000-7f0cd8000000 ---p 00000000 00:00 0 
7f0cd8000000-7f0cd8021000 rw-p 00000000 00:00 0 
7f0cd8021000-7f0cdc000000 ---p 00000000 00:00 0 
7f0cdc000000-7f0cdc021000 rw-p 00000000 00:00 0 
7f0cdc021000-7f0ce0000000 ---p 00000000 00:00 0 
7f0ce0000000-7f0ce0021000 rw-p 00000000 00:00 0 
7f0ce0021000-7f0ce4000000 ---p 00000000 00:00 0 
7f0ce4000000-7f0ce4021000 rw-p 00000000 00:00 0 
7f0ce4021000-7f0ce8000000 ---p 00000000 00:00 0 
7f0ce8000000-7f0ce8021000 rw-p 00000000 00:00 0 
7f0ce8021000-7f0cec000000 ---p 00000000 00:00 0 
7f0cec000000-7f0cec021000 rw-p 00000000 00:00 0 
7f0cec021000-7f0cf0000000 ---p 00000000 00:00 0 
7f0cf0000000-7f0cf0021000 rw-p 00000000 00:00 0 
7f0cf0021000-7f0cf4000000 ---p 00000000 00:00 0 
7f0cf4000000-7f0cf4021000 rw-p 00000000 00:00 0 
7f0cf4021000-7f0cf8000000 ---p 00000000 00:00 0 
7f0cf8000000-7f0cf8021000 rw-p 00000000 00:00 0 
7f0cf8021000-7f0cfc000000 ---p 00000000 00:00 0 
7f0cfc000000-7f0cfc021000 rw-p 00000000 00:00 0 
7f0cfc021000-7f0d00000000 ---p 00000000 00:00 0 
7f0d00000000-7f0d00021000 rw-p 00000000 00:00 0 
7f0d00021000-7f0d04000000 ---p 00000000 00:00 0 
7f0d04000000-7f0d04021000 rw-p 00000000 00:00 0 
7f0d04021000-7f0d08000000 ---p 00000000 00:00 0 
7f0d08000000-7f0d083d5000 rw-p 00000000 00:00 0 
7f0d083d5000-7f0d0c000000 ---p 00000000 00:00 0 
7f0d0c000000-7f0d0c067000 rw-p 00000000 00:00 0 
7f0d0c067000-7f0d10000000 ---p 00000000 00:00 0 
7f0d10000000-7f0d10021000 rw-p 00000000 00:00 0 
7f0d10021000-7f0d14000000 ---p 00000000 00:00 0 
7f0d14000000-7f0d14021000 rw-p 00000000 00:00 0 
7f0d14021000-7f0d18000000 ---p 00000000 00:00 0 
7f0d18000000-7f0d1815d000 rw-p 00000000 00:00 0 
7f0d1815d000-7f0d1c000000 ---p 00000000 00:00 0 
7f0d1c000000-7f0d1c023000 rw-p 00000000 00:00 0 
7f0d1c023000-7f0d20000000 ---p 00000000 00:00 0 
7f0d20000000-7f0d21d63000 rw-p 00000000 00:00 0 
7f0d21d63000-7f0d24000000 ---p 00000000 00:00 0 
7f0d24000000-7f0d2405a000 rw-p 00000000 00:00 0 
7f0d2405a000-7f0d28000000 ---p 00000000 00:00 0 
7f0d28000000-7f0d28021000 rw-p 00000000 00:00 0 
7f0d28021000-7f0d2c000000 ---p 00000000 00:00 0 
7f0d2c000000-7f0d2c021000 rw-p 00000000 00:00 0 
7f0d2c021000-7f0d30000000 ---p 00000000 00:00 0 
7f0d30000000-7f0d30021000 rw-p 00000000 00:00 0 
7f0d30021000-7f0d34000000 ---p 00000000 00:00 0 
7f0d34000000-7f0d34021000 rw-p 00000000 00:00 0 
7f0d34021000-7f0d38000000 ---p 00000000 00:00 0 
7f0d38000000-7f0d38021000 rw-p 00000000 00:00 0 
7f0d38021000-7f0d3c000000 ---p 00000000 00:00 0 
7f0d3c000000-7f0d3c021000 rw-p 00000000 00:00 0 
7f0d3c021000-7f0d40000000 ---p 00000000 00:00 0 
7f0d40000000-7f0d40404000 rw-p 00000000 00:00 0 
7f0d40404000-7f0d44000000 ---p 00000000 00:00 0 
7f0d44000000-7f0d44021000 rw-p 00000000 00:00 0 
7f0d44021000-7f0d48000000 ---p 00000000 00:00 0 
7f0d48000000-7f0d48021000 rw-p 00000000 00:00 0 
7f0d48021000-7f0d4c000000 ---p 00000000 00:00 0 
7f0d4c000000-7f0d4e7a9000 rw-p 00000000 00:00 0 
7f0d4e7a9000-7f0d50000000 ---p 00000000 00:00 0 
7f0d50000000-7f0d50021000 rw-p 00000000 00:00 0 
7f0d50021000-7f0d54000000 ---p 00000000 00:00 0 
7f0d564d0000-7f0d564d4000 ---p 00000000 00:00 0 
7f0d564d4000-7f0d565d0000 rw-p 00000000 00:00 0 
7f0d565d0000-7f0d565d4000 ---p 00000000 00:00 0 
7f0d565d4000-7f0d566d0000 rw-p 00000000 00:00 0 
7f0d566d0000-7f0d566d4000 ---p 00000000 00:00 0 
7f0d566d4000-7f0d567d0000 rw-p 00000000 00:00 0 
7f0d567d0000-7f0d567d4000 ---p 00000000 00:00 0 
7f0d567d4000-7f0d568d0000 rw-p 00000000 00:00 0 
7f0d568d0000-7f0d568d4000 ---p 00000000 00:00 0 
7f0d568d4000-7f0d569d0000 rw-p 00000000 00:00 0 
7f0d569d0000-7f0d569d4000 ---p 00000000 00:00 0 
7f0d569d4000-7f0d56ad0000 rw-p 00000000 00:00 0 
7f0d56ad0000-7f0d64000000 r--p 00000000 00:20 290064                     /usr/lib/locale/locale-archive
7f0d64000000-7f0d64021000 rw-p 00000000 00:00 0 
7f0d64021000-7f0d68000000 ---p 00000000 00:00 0 
7f0d68000000-7f0d68021000 rw-p 00000000 00:00 0 
7f0d68021000-7f0d6c000000 ---p 00000000 00:00 0 
7f0d6c000000-7f0d6c9cf000 rw-p 00000000 00:00 0 
7f0d6c9cf000-7f0d70000000 ---p 00000000 00:00 0 
7f0d70000000-7f0d70021000 rw-p 00000000 00:00 0 
7f0d70021000-7f0d74000000 ---p 00000000 00:00 0 
7f0d740be000-7f0d740c2000 ---p 00000000 00:00 0 
7f0d740c2000-7f0d741be000 rw-p 00000000 00:00 0 
7f0d741be000-7f0d741c2000 ---p 00000000 00:00 0 
7f0d741c2000-7f0d742be000 rw-p 00000000 00:00 0 
7f0d742be000-7f0d742c2000 ---p 00000000 00:00 0 
7f0d742c2000-7f0d743be000 rw-p 00000000 00:00 0 
7f0d743be000-7f0d743c2000 ---p 00000000 00:00 0 
7f0d743c2000-7f0d744be000 rw-p 00000000 00:00 0 
7f0d744be000-7f0d744c2000 ---p 00000000 00:00 0 
7f0d744c2000-7f0d745be000 rw-p 00000000 00:00 0 
7f0d745be000-7f0d745c2000 ---p 00000000 00:00 0 
7f0d745c2000-7f0d746be000 rw-p 00000000 00:00 0 
7f0d746be000-7f0d746c2000 ---p 00000000 00:00 0 
7f0d746c2000-7f0d747be000 rw-p 00000000 00:00 0 
7f0d747be000-7f0d747c2000 ---p 00000000 00:00 0 
7f0d747c2000-7f0d748be000 rw-p 00000000 00:00 0 
7f0d748be000-7f0d748c2000 ---p 00000000 00:00 0 
7f0d748c2000-7f0d749be000 rw-p 00000000 00:00 0 
7f0d749be000-7f0d749c2000 ---p 00000000 00:00 0 
7f0d749c2000-7f0d74abe000 rw-p 00000000 00:00 0 
7f0d74abe000-7f0d74ac2000 ---p 00000000 00:00 0 
7f0d74ac2000-7f0d74bbe000 rw-p 00000000 00:00 0 
7f0d74bbe000-7f0d74bc2000 ---p 00000000 00:00 0 
7f0d74bc2000-7f0d74cbe000 rw-p 00000000 00:00 0 
7f0d74cbe000-7f0d74cc2000 ---p 00000000 00:00 0 
7f0d74cc2000-7f0d74dbe000 rw-p 00000000 00:00 0 
7f0d74dbe000-7f0d74dc2000 ---p 00000000 00:00 0 
7f0d74dc2000-7f0d74ebe000 rw-p 00000000 00:00 0 
7f0d74ebe000-7f0d74ec2000 ---p 00000000 00:00 0 
7f0d74ec2000-7f0d74fbe000 rw-p 00000000 00:00 0 
7f0d74fbe000-7f0d74fc2000 ---p 00000000 00:00 0 
7f0d74fc2000-7f0d750be000 rw-p 00000000 00:00 0 
7f0d750be000-7f0d750c2000 ---p 00000000 00:00 0 
7f0d750c2000-7f0d751be000 rw-p 00000000 00:00 0 
7f0d751be000-7f0d751c2000 ---p 00000000 00:00 0 
7f0d751c2000-7f0d752be000 rw-p 00000000 00:00 0 
7f0d752be000-7f0d752c2000 ---p 00000000 00:00 0 
7f0d752c2000-7f0d753be000 rw-p 00000000 00:00 0 
7f0d753be000-7f0d753bf000 ---p 00000000 00:00 0 
7f0d753bf000-7f0d754c0000 rw-p 00000000 00:00 0 
7f0d754c0000-7f0d754c1000 ---p 00000000 00:00 0 
7f0d754c1000-7f0d755c2000 rw-p 00000000 00:00 0 
7f0d755c2000-7f0d755c3000 ---p 00000000 00:00 0 
7f0d755c3000-7f0d757c4000 rw-p 00000000 00:00 0 
7f0d757c4000-7f0d758c4000 ---p 00000000 00:00 0 
7f0d758c4000-7f0d75ac4000 rw-p 00000000 00:00 0 
7f0d75ac4000-7f0d75aca000 r-xp 00000000 00:20 20400                      /home/mikholskiyivan/.local/share/JetBrains/Toolbox/apps/IDEA-U/ch-0/213.6777.52/jbr/lib/libmanagement_ext.so
7f0d75aca000-7f0d75cc9000 ---p 00006000 00:20 20400                      /home/mikholskiyivan/.local/share/JetBrains/Toolbox/apps/IDEA-U/ch-0/213.6777.52/jbr/lib/libmanagement_ext.so
7f0d75cc9000-7f0d75cca000 r--p 00005000 00:20 20400                      /home/mikholskiyivan/.local/share/JetBrains/Toolbox/apps/IDEA-U/ch-0/213.6777.52/jbr/lib/libmanagement_ext.so
7f0d75cca000-7f0d75ccb000 rw-p 00000000 00:00 0 
7f0d75ccb000-7f0d75ccf000 r-xp 00000000 00:20 20398                      /home/mikholskiyivan/.local/share/JetBrains/Toolbox/apps/IDEA-U/ch-0/213.6777.52/jbr/lib/libmanagement.so
7f0d75ccf000-7f0d75ece000 ---p 00004000 00:20 20398                      /home/mikholskiyivan/.local/share/JetBrains/Toolbox/apps/IDEA-U/ch-0/213.6777.52/jbr/lib/libmanagement.so
7f0d75ece000-7f0d75ecf000 r--p 00003000 00:20 20398                      /home/mikholskiyivan/.local/share/JetBrains/Toolbox/apps/IDEA-U/ch-0/213.6777.52/jbr/lib/libmanagement.so
7f0d75ecf000-7f0d760d0000 rw-p 00000000 00:00 0 
7f0d760d0000-7f0d760d4000 ---p 00000000 00:00 0 
7f0d760d4000-7f0d761d0000 rw-p 00000000 00:00 0 
7f0d761d0000-7f0d761d4000 ---p 00000000 00:00 0 
7f0d761d4000-7f0d762d0000 rw-p 00000000 00:00 0 
7f0d762d0000-7f0d762d4000 ---p 00000000 00:00 0 
7f0d762d4000-7f0d763d0000 rw-p 00000000 00:00 0 
7f0d763d0000-7f0d763d4000 ---p 00000000 00:00 0 
7f0d763d4000-7f0d766d0000 rw-p 00000000 00:00 0 
7f0d766d0000-7f0d766d4000 ---p 00000000 00:00 0 
7f0d766d4000-7f0d767d0000 rw-p 00000000 00:00 0 
7f0d767d0000-7f0d767d1000 r-xp 00000000 00:20 20410                      /home/mikholskiyivan/.local/share/JetBrains/Toolbox/apps/IDEA-U/ch-0/213.6777.52/jbr/lib/librmi.so
7f0d767d1000-7f0d769d0000 ---p 00001000 00:20 20410                      /home/mikholskiyivan/.local/share/JetBrains/Toolbox/apps/IDEA-U/ch-0/213.6777.52/jbr/lib/librmi.so
7f0d769d0000-7f0d769d1000 r--p 00000000 00:20 20410                      /home/mikholskiyivan/.local/share/JetBrains/Toolbox/apps/IDEA-U/ch-0/213.6777.52/jbr/lib/librmi.so
7f0d769d1000-7f0d769d2000 rw-p 00000000 00:00 0 
7f0d769d2000-7f0d769d6000 ---p 00000000 00:00 0 
7f0d769d6000-7f0d76ad2000 rw-p 00000000 00:00 0 
7f0d76ad2000-7f0d76ad6000 ---p 00000000 00:00 0 
7f0d76ad6000-7f0d76bd2000 rw-p 00000000 00:00 0 
7f0d76bd2000-7f0d76bd6000 ---p 00000000 00:00 0 
7f0d76bd6000-7f0d76cd2000 rw-p 00000000 00:00 0 
7f0d76cd2000-7f0d76cd4000 r-xp 00000000 00:20 20379                      /home/mikholskiyivan/.local/share/JetBrains/Toolbox/apps/IDEA-U/ch-0/213.6777.52/jbr/lib/libextnet.so
7f0d76cd4000-7f0d76ed3000 ---p 00002000 00:20 20379                      /home/mikholskiyivan/.local/share/JetBrains/Toolbox/apps/IDEA-U/ch-0/213.6777.52/jbr/lib/libextnet.so
7f0d76ed3000-7f0d76ed4000 r--p 00001000 00:20 20379                      /home/mikholskiyivan/.local/share/JetBrains/Toolbox/apps/IDEA-U/ch-0/213.6777.52/jbr/lib/libextnet.so
7f0d76ed4000-7f0d76ed5000 rw-p 00000000 00:00 0 
7f0d76ed5000-7f0d76eeb000 r-xp 00000000 00:20 20405                      /home/mikholskiyivan/.local/share/JetBrains/Toolbox/apps/IDEA-U/ch-0/213.6777.52/jbr/lib/libnet.so
7f0d76eeb000-7f0d770eb000 ---p 00016000 00:20 20405                      /home/mikholskiyivan/.local/share/JetBrains/Toolbox/apps/IDEA-U/ch-0/213.6777.52/jbr/lib/libnet.so
7f0d770eb000-7f0d770ec000 r--p 00016000 00:20 20405                      /home/mikholskiyivan/.local/share/JetBrains/Toolbox/apps/IDEA-U/ch-0/213.6777.52/jbr/lib/libnet.so
7f0d770ec000-7f0d770ed000 rw-p 00017000 00:20 20405                      /home/mikholskiyivan/.local/share/JetBrains/Toolbox/apps/IDEA-U/ch-0/213.6777.52/jbr/lib/libnet.so
7f0d770ed000-7f0d770fd000 r-xp 00000000 00:20 20408                      /home/mikholskiyivan/.local/share/JetBrains/Toolbox/apps/IDEA-U/ch-0/213.6777.52/jbr/lib/libnio.so
7f0d770fd000-7f0d772fc000 ---p 00010000 00:20 20408                      /home/mikholskiyivan/.local/share/JetBrains/Toolbox/apps/IDEA-U/ch-0/213.6777.52/jbr/lib/libnio.so
7f0d772fc000-7f0d772fd000 r--p 0000f000 00:20 20408                      /home/mikholskiyivan/.local/share/JetBrains/Toolbox/apps/IDEA-U/ch-0/213.6777.52/jbr/lib/libnio.so
7f0d772fd000-7f0d772fe000 rw-p 00010000 00:20 20408                      /home/mikholskiyivan/.local/share/JetBrains/Toolbox/apps/IDEA-U/ch-0/213.6777.52/jbr/lib/libnio.so
7f0d772fe000-7f0d77302000 ---p 00000000 00:00 0 
7f0d77302000-7f0d773fe000 rw-p 00000000 00:00 0 
7f0d773fe000-7f0d773ff000 ---p 00000000 00:00 0 
7f0d773ff000-7f0d77500000 rw-p 00000000 00:00 0 
7f0d77500000-7f0d77504000 ---p 00000000 00:00 0 
7f0d77504000-7f0d77600000 rw-p 00000000 00:00 0 
7f0d77600000-7f0d77604000 ---p 00000000 00:00 0 
7f0d77604000-7f0d77700000 rw-p 00000000 00:00 0 
7f0d77700000-7f0d77704000 ---p 00000000 00:00 0 
7f0d77704000-7f0d78000000 rw-p 00000000 00:00 0 
7f0d78000000-7f0d78021000 rw-p 00000000 00:00 0 
7f0d78021000-7f0d7c000000 ---p 00000000 00:00 0 
7f0d7c000000-7f0d7c021000 rw-p 00000000 00:00 0 
7f0d7c021000-7f0d80000000 ---p 00000000 00:00 0 
7f0d80000000-7f0d80021000 rw-p 00000000 00:00 0 
7f0d80021000-7f0d84000000 ---p 00000000 00:00 0 
7f0d840ae000-7f0d840b2000 ---p 00000000 00:00 0 
7f0d840b2000-7f0d841ae000 rw-p 00000000 00:00 0 
7f0d841ae000-7f0d841b2000 ---p 00000000 00:00 0 
7f0d841b2000-7f0d842ae000 rw-p 00000000 00:00 0 
7f0d842ae000-7f0d842b2000 ---p 00000000 00:00 0 
7f0d842b2000-7f0d843ae000 rw-p 00000000 00:00 0 
7f0d843ae000-7f0d843b2000 ---p 00000000 00:00 0 
7f0d843b2000-7f0d844ae000 rw-p 00000000 00:00 0 
7f0d844ae000-7f0d844af000 ---p 00000000 00:00 0 
7f0d844af000-7f0d8468c000 rw-p 00000000 00:00 0 
7f0d8468c000-7f0d8468d000 ---p 00000000 00:00 0 
7f0d8468d000-7f0d8478e000 rw-p 00000000 00:00 0 
7f0d8478e000-7f0d8478f000 ---p 00000000 00:00 0 
7f0d8478f000-7f0d86a90000 rw-p 00000000 00:00 0 
7f0d86a90000-7f0d87448000 ---p 00000000 00:00 0 
7f0d87448000-7f0d87648000 rw-p 00000000 00:00 0 
7f0d87648000-7f0d88000000 ---p 00000000 00:00 0 
7f0d88000000-7f0d88021000 rw-p 00000000 00:00 0 
7f0d88021000-7f0d8c000000 ---p 00000000 00:00 0 
7f0d8c004000-7f0d8c865000 rw-p 00000000 00:00 0 
7f0d8c865000-7f0d8c866000 ---p 00000000 00:00 0 
7f0d8c866000-7f0d8c967000 rw-p 00000000 00:00 0 
7f0d8c967000-7f0d8c968000 ---p 00000000 00:00 0 
7f0d8c968000-7f0d8caa9000 rw-p 00000000 00:00 0 
7f0d8caa9000-7f0d8cbe0000 ---p 00000000 00:00 0 
7f0d8cbe0000-7f0d8cc20000 rw-p 00000000 00:00 0 
7f0d8cc20000-7f0d8cd57000 ---p 00000000 00:00 0 
7f0d8cd57000-7f0d8cd97000 rw-p 00000000 00:00 0 
7f0d8cd97000-7f0d8cece000 ---p 00000000 00:00 0 
7f0d8cece000-7f0d8d3d3000 rw-p 00000000 00:00 0 
7f0d8d3d3000-7f0d8d643000 rwxp 00000000 00:00 0 
7f0d8d643000-7f0d8d964000 ---p 00000000 00:00 0 
7f0d8d964000-7f0d8dd64000 rwxp 00000000 00:00 0 
7f0d8dd64000-7f0d94e9b000 ---p 00000000 00:00 0 
7f0d94e9b000-7f0d9510b000 rwxp 00000000 00:00 0 
7f0d9510b000-7f0d9c3d3000 ---p 00000000 00:00 0 
7f0d9c3d3000-7f0da0000000 r--s 00000000 00:20 20472                      /home/mikholskiyivan/.local/share/JetBrains/Toolbox/apps/IDEA-U/ch-0/213.6777.52/jbr/lib/modules
7f0da0000000-7f0da0596000 rw-p 00000000 00:00 0 
7f0da0596000-7f0da4000000 ---p 00000000 00:00 0 
7f0da400c000-7f0da4382000 rw-p 00000000 00:00 0 
7f0da4382000-7f0da4383000 ---p 00000000 00:00 0 
7f0da4383000-7f0da4489000 rw-p 00000000 00:00 0 
7f0da4489000-7f0da456f000 ---p 00000000 00:00 0 
7f0da456f000-7f0da4577000 rw-p 00000000 00:00 0 
7f0da4577000-7f0da465a000 ---p 00000000 00:00 0 
7f0da465a000-7f0da465f000 rw-p 00000000 00:00 0 
7f0da465f000-7f0da4666000 ---p 00000000 00:00 0 
7f0da4666000-7f0da466d000 r-xp 00000000 00:20 20417                      /home/mikholskiyivan/.local/share/JetBrains/Toolbox/apps/IDEA-U/ch-0/213.6777.52/jbr/lib/libzip.so
7f0da466d000-7f0da486c000 ---p 00007000 00:20 20417                      /home/mikholskiyivan/.local/share/JetBrains/Toolbox/apps/IDEA-U/ch-0/213.6777.52/jbr/lib/libzip.so
7f0da486c000-7f0da486d000 r--p 00006000 00:20 20417                      /home/mikholskiyivan/.local/share/JetBrains/Toolbox/apps/IDEA-U/ch-0/213.6777.52/jbr/lib/libzip.so
7f0da486d000-7f0da486e000 rw-p 00000000 00:00 0 
7f0da486e000-7f0da4889000 r-xp 00000000 00:20 20392                      /home/mikholskiyivan/.local/share/JetBrains/Toolbox/apps/IDEA-U/ch-0/213.6777.52/jbr/lib/libjimage.so
7f0da4889000-7f0da4a88000 ---p 0001b000 00:20 20392                      /home/mikholskiyivan/.local/share/JetBrains/Toolbox/apps/IDEA-U/ch-0/213.6777.52/jbr/lib/libjimage.so
7f0da4a88000-7f0da4a8a000 r--p 0001a000 00:20 20392                      /home/mikholskiyivan/.local/share/JetBrains/Toolbox/apps/IDEA-U/ch-0/213.6777.52/jbr/lib/libjimage.so
7f0da4a8a000-7f0da4a8b000 rw-p 0001c000 00:20 20392                      /home/mikholskiyivan/.local/share/JetBrains/Toolbox/apps/IDEA-U/ch-0/213.6777.52/jbr/lib/libjimage.so
7f0da4a8b000-7f0da4ab4000 r-xp 00000000 00:20 20387                      /home/mikholskiyivan/.local/share/JetBrains/Toolbox/apps/IDEA-U/ch-0/213.6777.52/jbr/lib/libjava.so
7f0da4ab4000-7f0da4cb4000 ---p 00029000 00:20 20387                      /home/mikholskiyivan/.local/share/JetBrains/Toolbox/apps/IDEA-U/ch-0/213.6777.52/jbr/lib/libjava.so
7f0da4cb4000-7f0da4cb5000 r--p 00029000 00:20 20387                      /home/mikholskiyivan/.local/share/JetBrains/Toolbox/apps/IDEA-U/ch-0/213.6777.52/jbr/lib/libjava.so
7f0da4cb5000-7f0da4cb6000 rw-p 0002a000 00:20 20387                      /home/mikholskiyivan/.local/share/JetBrains/Toolbox/apps/IDEA-U/ch-0/213.6777.52/jbr/lib/libjava.so
7f0da4cb6000-7f0da4cb7000 rw-p 00000000 00:00 0 
7f0da4cb7000-7f0da4cc4000 r-xp 00000000 00:20 20416                      /home/mikholskiyivan/.local/share/JetBrains/Toolbox/apps/IDEA-U/ch-0/213.6777.52/jbr/lib/libverify.so
7f0da4cc4000-7f0da4ec3000 ---p 0000d000 00:20 20416                      /home/mikholskiyivan/.local/share/JetBrains/Toolbox/apps/IDEA-U/ch-0/213.6777.52/jbr/lib/libverify.so
7f0da4ec3000-7f0da4ec5000 r--p 0000c000 00:20 20416                      /home/mikholskiyivan/.local/share/JetBrains/Toolbox/apps/IDEA-U/ch-0/213.6777.52/jbr/lib/libverify.so
7f0da4ec5000-7f0da4ec6000 rw-p 00000000 00:00 0 
7f0da4ec6000-7f0da4ec7000 r--p 00000000 00:20 290830                     /usr/lib64/librt.so.1
7f0da4ec7000-7f0da4ec8000 r-xp 00001000 00:20 290830                     /usr/lib64/librt.so.1
7f0da4ec8000-7f0da4ec9000 r--p 00002000 00:20 290830                     /usr/lib64/librt.so.1
7f0da4ec9000-7f0da4eca000 r--p 00002000 00:20 290830                     /usr/lib64/librt.so.1
7f0da4eca000-7f0da4ecb000 rw-p 00000000 00:00 0 
7f0da4ecb000-7f0da4ecf000 ---p 00000000 00:00 0 
7f0da4ecf000-7f0da4fcb000 rw-p 00000000 00:00 0 
7f0da4fcb000-7f0da4fda000 r--p 00000000 00:20 290823                     /usr/lib64/libm.so.6
7f0da4fda000-7f0da504b000 r-xp 0000f000 00:20 290823                     /usr/lib64/libm.so.6
7f0da504b000-7f0da50a5000 r--p 00080000 00:20 290823                     /usr/lib64/libm.so.6
7f0da50a5000-7f0da50a6000 r--p 000d9000 00:20 290823                     /usr/lib64/libm.so.6
7f0da50a6000-7f0da50a7000 rw-p 000da000 00:20 290823                     /usr/lib64/libm.so.6
7f0da50a7000-7f0da61f3000 r-xp 00000000 00:20 20483                      /home/mikholskiyivan/.local/share/JetBrains/Toolbox/apps/IDEA-U/ch-0/213.6777.52/jbr/lib/server/libjvm.so
7f0da61f3000-7f0da63f2000 ---p 0114c000 00:20 20483                      /home/mikholskiyivan/.local/share/JetBrains/Toolbox/apps/IDEA-U/ch-0/213.6777.52/jbr/lib/server/libjvm.so
7f0da63f2000-7f0da64b7000 r--p 0114b000 00:20 20483                      /home/mikholskiyivan/.local/share/JetBrains/Toolbox/apps/IDEA-U/ch-0/213.6777.52/jbr/lib/server/libjvm.so
7f0da64b7000-7f0da64f2000 rw-p 01210000 00:20 20483                      /home/mikholskiyivan/.local/share/JetBrains/Toolbox/apps/IDEA-U/ch-0/213.6777.52/jbr/lib/server/libjvm.so
7f0da64f2000-7f0da654b000 rw-p 00000000 00:00 0 
7f0da654b000-7f0da6577000 r--p 00000000 00:20 290820                     /usr/lib64/libc.so.6
7f0da6577000-7f0da66ed000 r-xp 0002c000 00:20 290820                     /usr/lib64/libc.so.6
7f0da66ed000-7f0da6741000 r--p 001a2000 00:20 290820                     /usr/lib64/libc.so.6
7f0da6741000-7f0da6742000 ---p 001f6000 00:20 290820                     /usr/lib64/libc.so.6
7f0da6742000-7f0da6745000 r--p 001f6000 00:20 290820                     /usr/lib64/libc.so.6
7f0da6745000-7f0da6748000 rw-p 001f9000 00:20 290820                     /usr/lib64/libc.so.6
7f0da6748000-7f0da6755000 rw-p 00000000 00:00 0 
7f0da6755000-7f0da6756000 r--p 00000000 00:20 290822                     /usr/lib64/libdl.so.2
7f0da6756000-7f0da6757000 r-xp 00001000 00:20 290822                     /usr/lib64/libdl.so.2
7f0da6757000-7f0da6758000 r--p 00002000 00:20 290822                     /usr/lib64/libdl.so.2
7f0da6758000-7f0da6759000 r--p 00002000 00:20 290822                     /usr/lib64/libdl.so.2
7f0da6759000-7f0da675a000 rw-p 00000000 00:00 0 
7f0da675a000-7f0da6769000 r-xp 00000000 00:20 20368                      /home/mikholskiyivan/.local/share/JetBrains/Toolbox/apps/IDEA-U/ch-0/213.6777.52/jbr/lib/jli/libjli.so
7f0da6769000-7f0da6968000 ---p 0000f000 00:20 20368                      /home/mikholskiyivan/.local/share/JetBrains/Toolbox/apps/IDEA-U/ch-0/213.6777.52/jbr/lib/jli/libjli.so
7f0da6968000-7f0da6969000 r--p 0000e000 00:20 20368                      /home/mikholskiyivan/.local/share/JetBrains/Toolbox/apps/IDEA-U/ch-0/213.6777.52/jbr/lib/jli/libjli.so
7f0da6969000-7f0da696a000 rw-p 0000f000 00:20 20368                      /home/mikholskiyivan/.local/share/JetBrains/Toolbox/apps/IDEA-U/ch-0/213.6777.52/jbr/lib/jli/libjli.so
7f0da696a000-7f0da696b000 r--p 00000000 00:20 290828                     /usr/lib64/libpthread.so.0
7f0da696b000-7f0da696c000 r-xp 00001000 00:20 290828                     /usr/lib64/libpthread.so.0
7f0da696c000-7f0da696d000 r--p 00002000 00:20 290828                     /usr/lib64/libpthread.so.0
7f0da696d000-7f0da696e000 r--p 00002000 00:20 290828                     /usr/lib64/libpthread.so.0
7f0da696e000-7f0da696f000 rw-p 00000000 00:00 0 
7f0da696f000-7f0da6972000 r--p 00000000 00:20 31324                      /usr/lib64/libz.so.1.2.11
7f0da6972000-7f0da6980000 r-xp 00003000 00:20 31324                      /usr/lib64/libz.so.1.2.11
7f0da6980000-7f0da6986000 r--p 00011000 00:20 31324                      /usr/lib64/libz.so.1.2.11
7f0da6986000-7f0da6987000 ---p 00017000 00:20 31324                      /usr/lib64/libz.so.1.2.11
7f0da6987000-7f0da6988000 r--p 00017000 00:20 31324                      /usr/lib64/libz.so.1.2.11
7f0da6988000-7f0da6989000 rw-p 00000000 00:00 0 
7f0da698f000-7f0da6997000 rw-s 00000000 00:27 4678                       /tmp/hsperfdata_mikholskiyivan/223622
7f0da6997000-7f0da6998000 ---p 00000000 00:00 0 
7f0da6998000-7f0da6999000 r--p 00000000 00:00 0 
7f0da6999000-7f0da699b000 rw-p 00000000 00:00 0 
7f0da699b000-7f0da699d000 r--p 00000000 00:20 290816                     /usr/lib64/ld-linux-x86-64.so.2
7f0da699d000-7f0da69c3000 r-xp 00002000 00:20 290816                     /usr/lib64/ld-linux-x86-64.so.2
7f0da69c3000-7f0da69ce000 r--p 00028000 00:20 290816                     /usr/lib64/ld-linux-x86-64.so.2
7f0da69cf000-7f0da69d1000 r--p 00033000 00:20 290816                     /usr/lib64/ld-linux-x86-64.so.2
7f0da69d1000-7f0da69d3000 rw-p 00035000 00:20 290816                     /usr/lib64/ld-linux-x86-64.so.2
7ffc27601000-7ffc27622000 rw-p 00000000 00:00 0                          [stack]
7ffc27651000-7ffc27655000 r--p 00000000 00:00 0                          [vvar]
7ffc27655000-7ffc27657000 r-xp 00000000 00:00 0                          [vdso]
ffffffffff600000-ffffffffff601000 --xp 00000000 00:00 0                  [vsyscall]


VM Arguments:
jvm_args: -Djava.rmi.server.hostname=127.0.0.1 -Duser.timezone=UTC -Xmx750m -Xms128m -Dfile.encoding=UTF-8 
java_command: com.intellij.database.remote.RemoteJdbcServer org.postgresql.Driver
java_class_path (initial): /home/mikholskiyivan/.local/share/JetBrains/Toolbox/apps/IDEA-U/ch-0/213.6777.52/lib/util.jar:/home/mikholskiyivan/.local/share/JetBrains/Toolbox/apps/IDEA-U/ch-0/213.6777.52/lib/org_codehaus_groovy_groovy.jar:/home/mikholskiyivan/.local/share/JetBrains/Toolbox/apps/IDEA-U/ch-0/213.6777.52/plugins/DatabaseTools/lib/jdbc-console.jar:/home/mikholskiyivan/.config/JetBrains/IntelliJIdea2021.3/jdbc-drivers/PostgreSQL/42.2.22/postgresql-42.2.22.jar
Launcher Type: SUN_STANDARD

[Global flags]
     intx CICompilerCount                          = 4                                         {product} {ergonomic}
     uint ConcGCThreads                            = 2                                         {product} {ergonomic}
     uint G1ConcRefinementThreads                  = 8                                         {product} {ergonomic}
   size_t G1HeapRegionSize                         = 1048576                                   {product} {ergonomic}
    uintx GCDrainStackTargetSize                   = 64                                        {product} {ergonomic}
   size_t InitialHeapSize                          = 134217728                                 {product} {command line}
   size_t MarkStackSize                            = 4194304                                   {product} {ergonomic}
   size_t MaxHeapSize                              = 786432000                                 {product} {command line}
   size_t MaxNewSize                               = 471859200                                 {product} {ergonomic}
   size_t MinHeapDeltaBytes                        = 1048576                                   {product} {ergonomic}
    uintx NonNMethodCodeHeapSize                   = 5836300                                {pd product} {ergonomic}
    uintx NonProfiledCodeHeapSize                  = 122910970                              {pd product} {ergonomic}
    uintx ProfiledCodeHeapSize                     = 122910970                              {pd product} {ergonomic}
    uintx ReservedCodeCacheSize                    = 251658240                              {pd product} {ergonomic}
     bool SegmentedCodeCache                       = true                                      {product} {ergonomic}
     bool UseCompressedClassPointers               = true                                 {lp64_product} {ergonomic}
     bool UseCompressedOops                        = true                                 {lp64_product} {ergonomic}
     bool UseG1GC                                  = true                                      {product} {ergonomic}

Logging:
Log output configuration:
 #0: stdout all=warning uptime,level,tags
 #1: stderr all=off uptime,level,tags

Environment Variables:
PATH=/home/mikholskiyivan/.local/bin:/home/mikholskiyivan/bin:/usr/local/gradle/bin:/usr/condabin:/usr/local/bin:/usr/local/sbin:/usr/bin:/usr/sbin
USERNAME=mikholskiyivan
SHELL=/bin/bash
DISPLAY=:0
LANG=en_US.UTF-8

Signal Handlers:
SIGSEGV: [libjvm.so+0xe67330], sa_mask[0]=11111111011111111101111111111110, sa_flags=SA_RESTART|SA_SIGINFO
SIGBUS: [libjvm.so+0xe67330], sa_mask[0]=11111111011111111101111111111110, sa_flags=SA_RESTART|SA_SIGINFO
SIGFPE: [libjvm.so+0xe67330], sa_mask[0]=11111111011111111101111111111110, sa_flags=SA_RESTART|SA_SIGINFO
SIGPIPE: [libjvm.so+0xbbba70], sa_mask[0]=11111111011111111101111111111110, sa_flags=SA_RESTART|SA_SIGINFO
SIGXFSZ: [libjvm.so+0xbbba70], sa_mask[0]=11111111011111111101111111111110, sa_flags=SA_RESTART|SA_SIGINFO
SIGILL: [libjvm.so+0xe67330], sa_mask[0]=11111111011111111101111111111110, sa_flags=SA_RESTART|SA_SIGINFO
SIGUSR2: [libjvm.so+0xbbb900], sa_mask[0]=00100000000000000000000000000000, sa_flags=SA_RESTART|SA_SIGINFO
SIGHUP: [libjvm.so+0xbbbdf0], sa_mask[0]=11111111011111111101111111111110, sa_flags=SA_RESTART|SA_SIGINFO
SIGINT: [libjvm.so+0xbbbdf0], sa_mask[0]=11111111011111111101111111111110, sa_flags=SA_RESTART|SA_SIGINFO
SIGTERM: [libjvm.so+0xbbbdf0], sa_mask[0]=11111111011111111101111111111110, sa_flags=SA_RESTART|SA_SIGINFO
SIGQUIT: [libjvm.so+0xbbbdf0], sa_mask[0]=11111111011111111101111111111110, sa_flags=SA_RESTART|SA_SIGINFO


---------------  S Y S T E M  ---------------

OS:Fedora release 35 (Thirty Five)
uname:Linux 5.16.11-200.fc35.x86_64 #1 SMP PREEMPT Wed Feb 23 17:08:49 UTC 2022 x86_64
OS uptime: 5 days 0:43 hours
libc:glibc 2.34 NPTL 2.34 
rlimit (soft/hard): STACK 8192k/infinity , CORE infinity/infinity , NPROC 31286/31286 , NOFILE 524288/524288 , AS infinity/infinity , CPU infinity/infinity , DATA infinity/infinity , FSIZE infinity/infinity , MEMLOCK 8192k/8192k
load average:0.34 0.40 0.58

/proc/meminfo:
MemTotal:        8049660 kB
MemFree:          145364 kB
MemAvailable:    1136460 kB
Buffers:           11112 kB
Cached:          1190516 kB
SwapCached:         7260 kB
Active:          3002460 kB
Inactive:        2612008 kB
Active(anon):    2246612 kB
Inactive(anon):  2219096 kB
Active(file):     755848 kB
Inactive(file):   392912 kB
Unevictable:        6136 kB
Mlocked:            6136 kB
SwapTotal:       8048636 kB
SwapFree:        4875464 kB
Dirty:              4132 kB
Writeback:             0 kB
AnonPages:       4414672 kB
Mapped:           322932 kB
Shmem:             47308 kB
KReclaimable:     140256 kB
Slab:             337168 kB
SReclaimable:     140256 kB
SUnreclaim:       196912 kB
KernelStack:       18560 kB
PageTables:        55836 kB
NFS_Unstable:          0 kB
Bounce:                0 kB
WritebackTmp:          0 kB
CommitLimit:    12073464 kB
Committed_AS:   13899752 kB
VmallocTotal:   34359738367 kB
VmallocUsed:       71832 kB
VmallocChunk:          0 kB
Percpu:             8224 kB
HardwareCorrupted:     0 kB
AnonHugePages:         0 kB
ShmemHugePages:        0 kB
ShmemPmdMapped:        0 kB
FileHugePages:         0 kB
FilePmdMapped:         0 kB
CmaTotal:              0 kB
CmaFree:               0 kB
HugePages_Total:       0
HugePages_Free:        0
HugePages_Rsvd:        0
HugePages_Surp:        0
Hugepagesize:       2048 kB
Hugetlb:               0 kB
DirectMap4k:     1345440 kB
DirectMap2M:     6965248 kB
DirectMap1G:           0 kB

/sys/kernel/mm/transparent_hugepage/enabled:
always [madvise] never
/sys/kernel/mm/transparent_hugepage/defrag (defrag/compaction efforts parameter):
always defer defer+madvise [madvise] never

Process Memory:
Virtual Size: 5949228K (peak: 5954596K)
Resident Set Size: 59904K (peak: 156192K) (anon: 48400K, file: 11488K, shmem: 16K)
Swapped out: 73348K
C-Heap outstanding allocations: 20418K

/proc/sys/kernel/threads-max (system-wide limit on the number of threads):
62573
/proc/sys/vm/max_map_count (maximum number of memory map areas a process may have):
65530
/proc/sys/kernel/pid_max (system-wide limit on number of process identifiers):
4194304

Steal ticks since vm start: 0
Steal ticks percentage since vm start:  0.000

CPU:total 8 (initial active 8) (4 cores per cpu, 2 threads per core) family 6 model 94 stepping 3 microcode 0xec, cmov, cx8, fxsr, mmx, sse, sse2, sse3, ssse3, sse4.1, sse4.2, popcnt, avx, avx2, aes, clmul, erms, 3dnowpref, lzcnt, ht, tsc, tscinvbit, bmi1, bmi2, adx, fma
CPU Model and flags from /proc/cpuinfo:
model name	: Intel(R) Core(TM) i7-6700 CPU @ 3.40GHz
flags		: fpu vme de pse tsc msr pae mce cx8 apic sep mtrr pge mca cmov pat pse36 clflush dts acpi mmx fxsr sse sse2 ss ht tm pbe syscall nx pdpe1gb rdtscp lm constant_tsc art arch_perfmon pebs bts rep_good nopl xtopology nonstop_tsc cpuid aperfmperf pni pclmulqdq dtes64 monitor ds_cpl vmx smx est tm2 ssse3 sdbg fma cx16 xtpr pdcm pcid sse4_1 sse4_2 x2apic movbe popcnt tsc_deadline_timer aes xsave avx f16c rdrand lahf_lm abm 3dnowprefetch cpuid_fault epb invpcid_single pti ssbd ibrs ibpb stibp tpr_shadow vnmi flexpriority ept vpid ept_ad fsgsbase tsc_adjust bmi1 avx2 smep bmi2 erms invpcid mpx rdseed adx smap clflushopt intel_pt xsaveopt xsavec xgetbv1 xsaves dtherm ida arat pln pts hwp hwp_notify hwp_act_window hwp_epp md_clear flush_l1d arch_capabilities
Online cpus:
0-7
Offline cpus:

BIOS frequency limitation:
<Not Available>
Frequency switch latency (ns):
0
Available cpu frequencies:
<Not Available>
Current governor:
powersave
Core performance/turbo boost:
<Not Available>

Memory: 4k page, physical 8049660k(147380k free), swap 8048636k(4875976k free)

vm_info: OpenJDK 64-Bit Server VM (11.0.13+7-b1751.25) for linux-amd64 JRE (11.0.13+7-b1751.25), built on Jan 13 2022 17:52:38 by "" with gcc 8.3.1 20190311 (Red Hat 8.3.1-3)

END.
